<?xml version="1.0" encoding="UTF-8"?>
<TestRun id="604b4e86-daf5-4600-a696-534ebe4f84ff" name="fkalseth@Z9402491 2010-09-16 16:10:46" runUser="CORP\fkalseth" xmlns="http://microsoft.com/schemas/VisualStudio/TeamTest/2010">
  <TestSettings name="Local" id="5b82bb5d-938d-47a6-8c5b-afaf40dc0149">
    <Description>These are default test settings for a local test run.</Description>
    <Deployment enabled="false" runDeploymentRoot="fkalseth_Z9402491 2010-09-16 16_10_46" />
    <Execution>
      <TestTypeSpecific />
      <AgentRule name="Execution Agents">
      </AgentRule>
    </Execution>
  </TestSettings>
  <Times creation="2010-09-16T16:10:46.8981799+02:00" queuing="2010-09-16T16:10:47.1912092+02:00" start="2010-09-16T16:10:47.4312332+02:00" finish="2010-09-16T16:10:48.8683769+02:00" />
  <ResultSummary outcome="NotRunnable">
    <Counters total="6" executed="5" passed="5" error="0" failed="0" timeout="0" aborted="0" inconclusive="0" passedButRunAborted="0" notRunnable="1" notExecuted="0" disconnected="0" warning="0" completed="0" inProgress="0" pending="0" />
  </ResultSummary>
  <TestDefinitions>
    <UnitTest name="TaskPrioritised_event_is_published" storage="c:\users\fkalseth\documents\my dropbox\dev\nexttask\nexttask.tests\bin\debug\nexttask.tests.dll" id="e15260cc-8d7d-d0e2-46e8-7391435d2c0e">
      <Execution timeOut="1800000" id="403ddd57-3b77-4909-bba4-cde9e6a04a15" />
      <TestMethod codeBase="C:/Users/fkalseth/Documents/My Dropbox/Dev/NextTask/NextTask.Tests/bin/Debug/NextTask.Tests.DLL" adapterTypeName="Microsoft.VisualStudio.TestTools.TestTypes.Unit.UnitTestAdapter, Microsoft.VisualStudio.QualityTools.Tips.UnitTest.Adapter, Version=10.0.0.0, Culture=neutral, PublicKeyToken=b03f5f7f11d50a3a" className="NextTask.Tests.When_prioritising_task, NextTask.Tests, Version=1.0.0.0, Culture=neutral, PublicKeyToken=null" name="TaskPrioritised_event_is_published" />
    </UnitTest>
    <UnitTest name="TaskPostponed_event_is_published" storage="c:\users\fkalseth\documents\my dropbox\dev\nexttask\nexttask.tests\bin\debug\nexttask.tests.dll" id="48190fb3-47e2-4c5f-b51b-b8f8d829603b">
      <Execution timeOut="1800000" id="7d8472bd-e884-45d5-a03a-547d5d46b544" />
      <TestMethod codeBase="C:/Users/fkalseth/Documents/My Dropbox/Dev/NextTask/NextTask.Tests/bin/Debug/NextTask.Tests.DLL" adapterTypeName="Microsoft.VisualStudio.TestTools.TestTypes.Unit.UnitTestAdapter, Microsoft.VisualStudio.QualityTools.Tips.UnitTest.Adapter, Version=10.0.0.0, Culture=neutral, PublicKeyToken=b03f5f7f11d50a3a" className="NextTask.Tests.When_postponing_task, NextTask.Tests, Version=1.0.0.0, Culture=neutral, PublicKeyToken=null" name="TaskPostponed_event_is_published" />
    </UnitTest>
    <UnitTest name="Exception_is_thrown" storage="c:\users\fkalseth\documents\my dropbox\dev\nexttask\nexttask.tests\bin\debug\nexttask.tests.dll" id="98bb3bc4-05d4-f8e2-a91b-ad8e68c6fd76">
      <Execution timeOut="1800000" id="1829cacc-49d5-45f2-a665-d1b12f075ac8" />
      <TestMethod codeBase="C:/Users/fkalseth/Documents/My Dropbox/Dev/NextTask/NextTask.Tests/bin/Debug/NextTask.Tests.DLL" adapterTypeName="Microsoft.VisualStudio.TestTools.TestTypes.Unit.UnitTestAdapter, Microsoft.VisualStudio.QualityTools.Tips.UnitTest.Adapter, Version=10.0.0.0, Culture=neutral, PublicKeyToken=b03f5f7f11d50a3a" className="NextTask.Tests.When_postponing_task_with_new_due_date_less_than_existing_due_date, NextTask.Tests, Version=1.0.0.0, Culture=neutral, PublicKeyToken=null" name="Exception_is_thrown" />
    </UnitTest>
    <UnitTest name="TaskCancelled_event_is_published" storage="c:\users\fkalseth\documents\my dropbox\dev\nexttask\nexttask.tests\bin\debug\nexttask.tests.dll" id="7a533ce9-67f5-f9af-ad97-121a2f49f974">
      <Execution timeOut="1800000" id="12ddbb90-7321-43b8-873a-ea297a8e0f94" />
      <TestMethod codeBase="C:/Users/fkalseth/Documents/My Dropbox/Dev/NextTask/NextTask.Tests/bin/Debug/NextTask.Tests.DLL" adapterTypeName="Microsoft.VisualStudio.TestTools.TestTypes.Unit.UnitTestAdapter, Microsoft.VisualStudio.QualityTools.Tips.UnitTest.Adapter, Version=10.0.0.0, Culture=neutral, PublicKeyToken=b03f5f7f11d50a3a" className="NextTask.Tests.When_completing_task, NextTask.Tests, Version=1.0.0.0, Culture=neutral, PublicKeyToken=null" name="TaskCancelled_event_is_published" />
    </UnitTest>
    <UnitTest name="TaskCancelled_event_is_published" storage="c:\users\fkalseth\documents\my dropbox\dev\nexttask\nexttask.tests\bin\debug\nexttask.tests.dll" id="28c8e7d6-deb0-1a4d-e172-64b990106212">
      <Execution timeOut="1800000" id="5411b12d-7029-4468-82cf-4b5d8ee01ee4" />
      <TestMethod codeBase="C:/Users/fkalseth/Documents/My Dropbox/Dev/NextTask/NextTask.Tests/bin/Debug/NextTask.Tests.DLL" adapterTypeName="Microsoft.VisualStudio.TestTools.TestTypes.Unit.UnitTestAdapter, Microsoft.VisualStudio.QualityTools.Tips.UnitTest.Adapter, Version=10.0.0.0, Culture=neutral, PublicKeyToken=b03f5f7f11d50a3a" className="NextTask.Tests.When_cancelling_task, NextTask.Tests, Version=1.0.0.0, Culture=neutral, PublicKeyToken=null" name="TaskCancelled_event_is_published" />
    </UnitTest>
    <UnitTest name="Exception_is_thrown" storage="c:\users\fkalseth\documents\my dropbox\dev\nexttask\nexttask.tests\bin\debug\nexttask.tests.dll" id="2b08e450-89fa-4f49-348f-b842a68ad041">
      <Execution id="da0b2814-6a7c-4213-b129-7dd755068cc1" />
      <TestMethod codeBase="C:/Users/fkalseth/Documents/My Dropbox/Dev/NextTask/NextTask.Tests/bin/Debug/NextTask.Tests.DLL" adapterTypeName="Microsoft.VisualStudio.TestTools.TestTypes.Unit.UnitTestAdapter, Microsoft.VisualStudio.QualityTools.Tips.UnitTest.Adapter, Version=10.0.0.0, Culture=neutral, PublicKeyToken=b03f5f7f11d50a3a" className="NextTask.Tests.When_cancelling_task_that_has_already_been_completed, NextTask.Tests, Version=1.0.0.0, Culture=neutral, PublicKeyToken=null" name="Exception_is_thrown" />
    </UnitTest>
  </TestDefinitions>
  <TestLists>
    <TestList name="Results Not in a List" id="8c84fa94-04c1-424b-9868-57a2d4851a1d" />
    <TestList name="All Loaded Results" id="19431567-8539-422a-85d7-44ee4e166bda" />
  </TestLists>
  <TestEntries>
    <TestEntry testId="28c8e7d6-deb0-1a4d-e172-64b990106212" executionId="5411b12d-7029-4468-82cf-4b5d8ee01ee4" testListId="8c84fa94-04c1-424b-9868-57a2d4851a1d" />
    <TestEntry testId="2b08e450-89fa-4f49-348f-b842a68ad041" executionId="da0b2814-6a7c-4213-b129-7dd755068cc1" testListId="8c84fa94-04c1-424b-9868-57a2d4851a1d" />
    <TestEntry testId="7a533ce9-67f5-f9af-ad97-121a2f49f974" executionId="12ddbb90-7321-43b8-873a-ea297a8e0f94" testListId="8c84fa94-04c1-424b-9868-57a2d4851a1d" />
    <TestEntry testId="48190fb3-47e2-4c5f-b51b-b8f8d829603b" executionId="7d8472bd-e884-45d5-a03a-547d5d46b544" testListId="8c84fa94-04c1-424b-9868-57a2d4851a1d" />
    <TestEntry testId="98bb3bc4-05d4-f8e2-a91b-ad8e68c6fd76" executionId="1829cacc-49d5-45f2-a665-d1b12f075ac8" testListId="8c84fa94-04c1-424b-9868-57a2d4851a1d" />
    <TestEntry testId="e15260cc-8d7d-d0e2-46e8-7391435d2c0e" executionId="403ddd57-3b77-4909-bba4-cde9e6a04a15" testListId="8c84fa94-04c1-424b-9868-57a2d4851a1d" />
  </TestEntries>
  <Results>
    <UnitTestResult executionId="5411b12d-7029-4468-82cf-4b5d8ee01ee4" testId="28c8e7d6-deb0-1a4d-e172-64b990106212" testName="TaskCancelled_event_is_published" computerName="Z9402491" duration="00:00:00.7512011" startTime="2010-09-16T16:10:47.5332434+02:00" endTime="2010-09-16T16:10:48.7353636+02:00" testType="13cdc9d9-ddb5-4fa4-a97d-d965ccfc6d4b" outcome="Passed" testListId="8c84fa94-04c1-424b-9868-57a2d4851a1d" relativeResultsDirectory="5411b12d-7029-4468-82cf-4b5d8ee01ee4">
    </UnitTestResult>
    <UnitTestResult executionId="da0b2814-6a7c-4213-b129-7dd755068cc1" testId="2b08e450-89fa-4f49-348f-b842a68ad041" testName="Exception_is_thrown" computerName="Z9402491" testType="13cdc9d9-ddb5-4fa4-a97d-d965ccfc6d4b" outcome="NotRunnable" testListId="8c84fa94-04c1-424b-9868-57a2d4851a1d" relativeResultsDirectory="da0b2814-6a7c-4213-b129-7dd755068cc1">
      <Output>
        <ErrorInfo>
          <Message>UTA004: Illegal use of attribute on NextTask.Tests.When_cancelling_task_that_has_already_been_completed.Exception_is_thrown. The TestMethodAttribute can be defined only inside a class marked with the TestClass attribute.</Message>
        </ErrorInfo>
      </Output>
    </UnitTestResult>
    <UnitTestResult executionId="12ddbb90-7321-43b8-873a-ea297a8e0f94" testId="7a533ce9-67f5-f9af-ad97-121a2f49f974" testName="TaskCancelled_event_is_published" computerName="Z9402491" duration="00:00:00.0123629" startTime="2010-09-16T16:10:48.7403641+02:00" endTime="2010-09-16T16:10:48.7543655+02:00" testType="13cdc9d9-ddb5-4fa4-a97d-d965ccfc6d4b" outcome="Passed" testListId="8c84fa94-04c1-424b-9868-57a2d4851a1d" relativeResultsDirectory="12ddbb90-7321-43b8-873a-ea297a8e0f94">
    </UnitTestResult>
    <UnitTestResult executionId="7d8472bd-e884-45d5-a03a-547d5d46b544" testId="48190fb3-47e2-4c5f-b51b-b8f8d829603b" testName="TaskPostponed_event_is_published" computerName="Z9402491" duration="00:00:00.0073209" startTime="2010-09-16T16:10:48.7703671+02:00" endTime="2010-09-16T16:10:48.7813682+02:00" testType="13cdc9d9-ddb5-4fa4-a97d-d965ccfc6d4b" outcome="Passed" testListId="8c84fa94-04c1-424b-9868-57a2d4851a1d" relativeResultsDirectory="7d8472bd-e884-45d5-a03a-547d5d46b544">
    </UnitTestResult>
    <UnitTestResult executionId="1829cacc-49d5-45f2-a665-d1b12f075ac8" testId="98bb3bc4-05d4-f8e2-a91b-ad8e68c6fd76" testName="Exception_is_thrown" computerName="Z9402491" duration="00:00:00.0035120" startTime="2010-09-16T16:10:48.7843685+02:00" endTime="2010-09-16T16:10:48.7913692+02:00" testType="13cdc9d9-ddb5-4fa4-a97d-d965ccfc6d4b" outcome="Passed" testListId="8c84fa94-04c1-424b-9868-57a2d4851a1d" relativeResultsDirectory="1829cacc-49d5-45f2-a665-d1b12f075ac8">
    </UnitTestResult>
    <UnitTestResult executionId="403ddd57-3b77-4909-bba4-cde9e6a04a15" testId="e15260cc-8d7d-d0e2-46e8-7391435d2c0e" testName="TaskPrioritised_event_is_published" computerName="Z9402491" duration="00:00:00.0050826" startTime="2010-09-16T16:10:48.7933694+02:00" endTime="2010-09-16T16:10:48.8003701+02:00" testType="13cdc9d9-ddb5-4fa4-a97d-d965ccfc6d4b" outcome="Passed" testListId="8c84fa94-04c1-424b-9868-57a2d4851a1d" relativeResultsDirectory="403ddd57-3b77-4909-bba4-cde9e6a04a15">
    </UnitTestResult>
  </Results>
</TestRun>