<?xml version="1.0" encoding="UTF-8"?>
<TestRun id="e88153a4-adde-4b46-ab46-209b53bc7653" name="fkalseth@Z9402491 2010-09-15 12:25:35" runUser="CORP\fkalseth" xmlns="http://microsoft.com/schemas/VisualStudio/TeamTest/2010">
  <TestSettings name="Local" id="5b82bb5d-938d-47a6-8c5b-afaf40dc0149">
    <Description>These are default test settings for a local test run.</Description>
    <Deployment enabled="false" runDeploymentRoot="fkalseth_Z9402491 2010-09-15 12_25_35" />
    <Execution>
      <TestTypeSpecific />
      <AgentRule name="Execution Agents">
      </AgentRule>
    </Execution>
  </TestSettings>
  <Times creation="2010-09-15T12:25:35.2645607+02:00" queuing="2010-09-15T12:25:35.5705913+02:00" start="2010-09-15T12:25:35.7566099+02:00" finish="2010-09-15T12:25:37.0877430+02:00" />
  <ResultSummary outcome="NotRunnable">
    <Counters total="6" executed="5" passed="5" error="0" failed="0" timeout="0" aborted="0" inconclusive="0" passedButRunAborted="0" notRunnable="1" notExecuted="0" disconnected="0" warning="0" completed="0" inProgress="0" pending="0" />
  </ResultSummary>
  <TestDefinitions>
    <UnitTest name="TaskPrioritised_event_is_published" storage="c:\users\fkalseth\documents\my dropbox\dev\nexttask\nexttask.tests\bin\debug\nexttask.tests.dll" id="e15260cc-8d7d-d0e2-46e8-7391435d2c0e">
      <Execution timeOut="1800000" id="24c5eac1-4150-4c07-84ae-3ee3f5d0f931" />
      <TestMethod codeBase="C:/Users/fkalseth/Documents/My Dropbox/Dev/NextTask/NextTask.Tests/bin/Debug/NextTask.Tests.DLL" adapterTypeName="Microsoft.VisualStudio.TestTools.TestTypes.Unit.UnitTestAdapter, Microsoft.VisualStudio.QualityTools.Tips.UnitTest.Adapter, Version=10.0.0.0, Culture=neutral, PublicKeyToken=b03f5f7f11d50a3a" className="NextTask.Tests.When_prioritising_task, NextTask.Tests, Version=1.0.0.0, Culture=neutral, PublicKeyToken=null" name="TaskPrioritised_event_is_published" />
    </UnitTest>
    <UnitTest name="TaskPostponed_event_is_published" storage="c:\users\fkalseth\documents\my dropbox\dev\nexttask\nexttask.tests\bin\debug\nexttask.tests.dll" id="48190fb3-47e2-4c5f-b51b-b8f8d829603b">
      <Execution timeOut="1800000" id="daec1c9d-318f-4507-ac2c-fcaffc2fb5f7" />
      <TestMethod codeBase="C:/Users/fkalseth/Documents/My Dropbox/Dev/NextTask/NextTask.Tests/bin/Debug/NextTask.Tests.DLL" adapterTypeName="Microsoft.VisualStudio.TestTools.TestTypes.Unit.UnitTestAdapter, Microsoft.VisualStudio.QualityTools.Tips.UnitTest.Adapter, Version=10.0.0.0, Culture=neutral, PublicKeyToken=b03f5f7f11d50a3a" className="NextTask.Tests.When_postponing_task, NextTask.Tests, Version=1.0.0.0, Culture=neutral, PublicKeyToken=null" name="TaskPostponed_event_is_published" />
    </UnitTest>
    <UnitTest name="Exception_is_thrown" storage="c:\users\fkalseth\documents\my dropbox\dev\nexttask\nexttask.tests\bin\debug\nexttask.tests.dll" id="98bb3bc4-05d4-f8e2-a91b-ad8e68c6fd76">
      <Execution timeOut="1800000" id="60f266e6-2fc2-41f8-9094-0db5bb2bb4de" />
      <TestMethod codeBase="C:/Users/fkalseth/Documents/My Dropbox/Dev/NextTask/NextTask.Tests/bin/Debug/NextTask.Tests.DLL" adapterTypeName="Microsoft.VisualStudio.TestTools.TestTypes.Unit.UnitTestAdapter, Microsoft.VisualStudio.QualityTools.Tips.UnitTest.Adapter, Version=10.0.0.0, Culture=neutral, PublicKeyToken=b03f5f7f11d50a3a" className="NextTask.Tests.When_postponing_task_with_new_due_date_less_than_existing_due_date, NextTask.Tests, Version=1.0.0.0, Culture=neutral, PublicKeyToken=null" name="Exception_is_thrown" />
    </UnitTest>
    <UnitTest name="TaskCancelled_event_is_published" storage="c:\users\fkalseth\documents\my dropbox\dev\nexttask\nexttask.tests\bin\debug\nexttask.tests.dll" id="7a533ce9-67f5-f9af-ad97-121a2f49f974">
      <Execution timeOut="1800000" id="77668d7b-a032-4457-bd6d-5c35b1c153da" />
      <TestMethod codeBase="C:/Users/fkalseth/Documents/My Dropbox/Dev/NextTask/NextTask.Tests/bin/Debug/NextTask.Tests.DLL" adapterTypeName="Microsoft.VisualStudio.TestTools.TestTypes.Unit.UnitTestAdapter, Microsoft.VisualStudio.QualityTools.Tips.UnitTest.Adapter, Version=10.0.0.0, Culture=neutral, PublicKeyToken=b03f5f7f11d50a3a" className="NextTask.Tests.When_completing_task, NextTask.Tests, Version=1.0.0.0, Culture=neutral, PublicKeyToken=null" name="TaskCancelled_event_is_published" />
    </UnitTest>
    <UnitTest name="TaskCancelled_event_is_published" storage="c:\users\fkalseth\documents\my dropbox\dev\nexttask\nexttask.tests\bin\debug\nexttask.tests.dll" id="28c8e7d6-deb0-1a4d-e172-64b990106212">
      <Execution timeOut="1800000" id="3df04860-9b82-4326-bae8-4b9816f4a400" />
      <TestMethod codeBase="C:/Users/fkalseth/Documents/My Dropbox/Dev/NextTask/NextTask.Tests/bin/Debug/NextTask.Tests.DLL" adapterTypeName="Microsoft.VisualStudio.TestTools.TestTypes.Unit.UnitTestAdapter, Microsoft.VisualStudio.QualityTools.Tips.UnitTest.Adapter, Version=10.0.0.0, Culture=neutral, PublicKeyToken=b03f5f7f11d50a3a" className="NextTask.Tests.When_cancelling_task, NextTask.Tests, Version=1.0.0.0, Culture=neutral, PublicKeyToken=null" name="TaskCancelled_event_is_published" />
    </UnitTest>
    <UnitTest name="Exception_is_thrown" storage="c:\users\fkalseth\documents\my dropbox\dev\nexttask\nexttask.tests\bin\debug\nexttask.tests.dll" id="2b08e450-89fa-4f49-348f-b842a68ad041">
      <Execution id="828f8595-c622-491e-a9c2-f5f01694031e" />
      <TestMethod codeBase="C:/Users/fkalseth/Documents/My Dropbox/Dev/NextTask/NextTask.Tests/bin/Debug/NextTask.Tests.DLL" adapterTypeName="Microsoft.VisualStudio.TestTools.TestTypes.Unit.UnitTestAdapter, Microsoft.VisualStudio.QualityTools.Tips.UnitTest.Adapter, Version=10.0.0.0, Culture=neutral, PublicKeyToken=b03f5f7f11d50a3a" className="NextTask.Tests.When_cancelling_task_that_has_already_been_completed, NextTask.Tests, Version=1.0.0.0, Culture=neutral, PublicKeyToken=null" name="Exception_is_thrown" />
    </UnitTest>
  </TestDefinitions>
  <TestLists>
    <TestList name="Results Not in a List" id="8c84fa94-04c1-424b-9868-57a2d4851a1d" />
    <TestList name="All Loaded Results" id="19431567-8539-422a-85d7-44ee4e166bda" />
  </TestLists>
  <TestEntries>
    <TestEntry testId="28c8e7d6-deb0-1a4d-e172-64b990106212" executionId="3df04860-9b82-4326-bae8-4b9816f4a400" testListId="8c84fa94-04c1-424b-9868-57a2d4851a1d" />
    <TestEntry testId="2b08e450-89fa-4f49-348f-b842a68ad041" executionId="828f8595-c622-491e-a9c2-f5f01694031e" testListId="8c84fa94-04c1-424b-9868-57a2d4851a1d" />
    <TestEntry testId="7a533ce9-67f5-f9af-ad97-121a2f49f974" executionId="77668d7b-a032-4457-bd6d-5c35b1c153da" testListId="8c84fa94-04c1-424b-9868-57a2d4851a1d" />
    <TestEntry testId="48190fb3-47e2-4c5f-b51b-b8f8d829603b" executionId="daec1c9d-318f-4507-ac2c-fcaffc2fb5f7" testListId="8c84fa94-04c1-424b-9868-57a2d4851a1d" />
    <TestEntry testId="98bb3bc4-05d4-f8e2-a91b-ad8e68c6fd76" executionId="60f266e6-2fc2-41f8-9094-0db5bb2bb4de" testListId="8c84fa94-04c1-424b-9868-57a2d4851a1d" />
    <TestEntry testId="e15260cc-8d7d-d0e2-46e8-7391435d2c0e" executionId="24c5eac1-4150-4c07-84ae-3ee3f5d0f931" testListId="8c84fa94-04c1-424b-9868-57a2d4851a1d" />
  </TestEntries>
  <Results>
    <UnitTestResult executionId="3df04860-9b82-4326-bae8-4b9816f4a400" testId="28c8e7d6-deb0-1a4d-e172-64b990106212" testName="TaskCancelled_event_is_published" computerName="Z9402491" duration="00:00:00.6991752" startTime="2010-09-15T12:25:35.8966239+02:00" endTime="2010-09-15T12:25:36.9387281+02:00" testType="13cdc9d9-ddb5-4fa4-a97d-d965ccfc6d4b" outcome="Passed" testListId="8c84fa94-04c1-424b-9868-57a2d4851a1d" relativeResultsDirectory="3df04860-9b82-4326-bae8-4b9816f4a400">
    </UnitTestResult>
    <UnitTestResult executionId="828f8595-c622-491e-a9c2-f5f01694031e" testId="2b08e450-89fa-4f49-348f-b842a68ad041" testName="Exception_is_thrown" computerName="Z9402491" testType="13cdc9d9-ddb5-4fa4-a97d-d965ccfc6d4b" outcome="NotRunnable" testListId="8c84fa94-04c1-424b-9868-57a2d4851a1d" relativeResultsDirectory="828f8595-c622-491e-a9c2-f5f01694031e">
      <Output>
        <ErrorInfo>
          <Message>UTA004: Illegal use of attribute on NextTask.Tests.When_cancelling_task_that_has_already_been_completed.Exception_is_thrown. The TestMethodAttribute can be defined only inside a class marked with the TestClass attribute.</Message>
        </ErrorInfo>
      </Output>
    </UnitTestResult>
    <UnitTestResult executionId="77668d7b-a032-4457-bd6d-5c35b1c153da" testId="7a533ce9-67f5-f9af-ad97-121a2f49f974" testName="TaskCancelled_event_is_published" computerName="Z9402491" duration="00:00:00.0070570" startTime="2010-09-15T12:25:36.9627305+02:00" endTime="2010-09-15T12:25:36.9737316+02:00" testType="13cdc9d9-ddb5-4fa4-a97d-d965ccfc6d4b" outcome="Passed" testListId="8c84fa94-04c1-424b-9868-57a2d4851a1d" relativeResultsDirectory="77668d7b-a032-4457-bd6d-5c35b1c153da">
    </UnitTestResult>
    <UnitTestResult executionId="daec1c9d-318f-4507-ac2c-fcaffc2fb5f7" testId="48190fb3-47e2-4c5f-b51b-b8f8d829603b" testName="TaskPostponed_event_is_published" computerName="Z9402491" duration="00:00:00.0088791" startTime="2010-09-15T12:25:36.9797322+02:00" endTime="2010-09-15T12:25:36.9907333+02:00" testType="13cdc9d9-ddb5-4fa4-a97d-d965ccfc6d4b" outcome="Passed" testListId="8c84fa94-04c1-424b-9868-57a2d4851a1d" relativeResultsDirectory="daec1c9d-318f-4507-ac2c-fcaffc2fb5f7">
    </UnitTestResult>
    <UnitTestResult executionId="60f266e6-2fc2-41f8-9094-0db5bb2bb4de" testId="98bb3bc4-05d4-f8e2-a91b-ad8e68c6fd76" testName="Exception_is_thrown" computerName="Z9402491" duration="00:00:00.0051725" startTime="2010-09-15T12:25:36.9947337+02:00" endTime="2010-09-15T12:25:37.0057348+02:00" testType="13cdc9d9-ddb5-4fa4-a97d-d965ccfc6d4b" outcome="Passed" testListId="8c84fa94-04c1-424b-9868-57a2d4851a1d" relativeResultsDirectory="60f266e6-2fc2-41f8-9094-0db5bb2bb4de">
    </UnitTestResult>
    <UnitTestResult executionId="24c5eac1-4150-4c07-84ae-3ee3f5d0f931" testId="e15260cc-8d7d-d0e2-46e8-7391435d2c0e" testName="TaskPrioritised_event_is_published" computerName="Z9402491" duration="00:00:00.0051665" startTime="2010-09-15T12:25:37.0087351+02:00" endTime="2010-09-15T12:25:37.0187361+02:00" testType="13cdc9d9-ddb5-4fa4-a97d-d965ccfc6d4b" outcome="Passed" testListId="8c84fa94-04c1-424b-9868-57a2d4851a1d" relativeResultsDirectory="24c5eac1-4150-4c07-84ae-3ee3f5d0f931">
    </UnitTestResult>
  </Results>
</TestRun>