<?xml version="1.0" encoding="UTF-8"?>
<TestRun id="3a7df5e3-85f3-4aab-b142-bd44c60e3edb" name="Fredrik@FKVAIO 2010-09-13 13:56:58" runUser="FKVaio\Fredrik" xmlns="http://microsoft.com/schemas/VisualStudio/TeamTest/2010">
  <TestSettings name="Local" id="5b82bb5d-938d-47a6-8c5b-afaf40dc0149">
    <Description>These are default test settings for a local test run.</Description>
    <Deployment enabled="false" runDeploymentRoot="Fredrik_FKVAIO 2010-09-13 13_56_58" />
    <Execution>
      <TestTypeSpecific />
      <AgentRule name="Execution Agents">
      </AgentRule>
    </Execution>
  </TestSettings>
  <Times creation="2010-09-13T13:56:58.8963670+02:00" queuing="2010-09-13T13:57:00.3034475+02:00" start="2010-09-13T13:57:01.1124938+02:00" finish="2010-09-13T13:57:03.9156541+02:00" />
  <ResultSummary outcome="Completed">
    <Counters total="1" executed="1" passed="1" error="0" failed="0" timeout="0" aborted="0" inconclusive="0" passedButRunAborted="0" notRunnable="0" notExecuted="0" disconnected="0" warning="0" completed="0" inProgress="0" pending="0" />
  </ResultSummary>
  <TestDefinitions>
    <UnitTest name="TaskPrioritised_event_is_published" storage="c:\source\_projects\nexttask\nexttask.tests\bin\debug\nexttask.tests.dll" id="e15260cc-8d7d-d0e2-46e8-7391435d2c0e">
      <Execution timeOut="1800000" id="e81da412-6f0b-439d-afed-00e51fe03fbf" />
      <TestMethod codeBase="C:/Source/_Projects/NextTask/NextTask.Tests/bin/Debug/NextTask.Tests.DLL" adapterTypeName="Microsoft.VisualStudio.TestTools.TestTypes.Unit.UnitTestAdapter, Microsoft.VisualStudio.QualityTools.Tips.UnitTest.Adapter, Version=10.0.0.0, Culture=neutral, PublicKeyToken=b03f5f7f11d50a3a" className="NextTask.Tests.When_prioritising_task, NextTask.Tests, Version=1.0.0.0, Culture=neutral, PublicKeyToken=null" name="TaskPrioritised_event_is_published" />
    </UnitTest>
  </TestDefinitions>
  <TestLists>
    <TestList name="Results Not in a List" id="8c84fa94-04c1-424b-9868-57a2d4851a1d" />
    <TestList name="All Loaded Results" id="19431567-8539-422a-85d7-44ee4e166bda" />
  </TestLists>
  <TestEntries>
    <TestEntry testId="e15260cc-8d7d-d0e2-46e8-7391435d2c0e" executionId="e81da412-6f0b-439d-afed-00e51fe03fbf" testListId="8c84fa94-04c1-424b-9868-57a2d4851a1d" />
  </TestEntries>
  <Results>
    <UnitTestResult executionId="e81da412-6f0b-439d-afed-00e51fe03fbf" testId="e15260cc-8d7d-d0e2-46e8-7391435d2c0e" testName="TaskPrioritised_event_is_published" computerName="FKVAIO" duration="00:00:02.1265449" startTime="2010-09-13T13:57:01.4095108+02:00" endTime="2010-09-13T13:57:03.7956472+02:00" testType="13cdc9d9-ddb5-4fa4-a97d-d965ccfc6d4b" outcome="Passed" testListId="8c84fa94-04c1-424b-9868-57a2d4851a1d" relativeResultsDirectory="e81da412-6f0b-439d-afed-00e51fe03fbf">
    </UnitTestResult>
  </Results>
</TestRun>