<?xml version="1.0" encoding="UTF-8"?>
<TestRun id="c9ef2d92-e664-42d9-b8b4-cec3b7353386" name="Fredrik@FKVAIO 2010-09-06 11:41:26" runUser="FKVaio\Fredrik" xmlns="http://microsoft.com/schemas/VisualStudio/TeamTest/2010">
  <TestSettings name="Local" id="5b82bb5d-938d-47a6-8c5b-afaf40dc0149">
    <Description>These are default test settings for a local test run.</Description>
    <Deployment enabled="false" runDeploymentRoot="Fredrik_FKVAIO 2010-09-06 11_41_26" />
    <Execution>
      <TestTypeSpecific />
      <AgentRule name="Execution Agents">
      </AgentRule>
    </Execution>
  </TestSettings>
  <Times creation="2010-09-06T11:41:26.4622517+02:00" queuing="2010-09-06T11:41:26.7572686+02:00" start="2010-09-06T11:41:26.9992824+02:00" finish="2010-09-06T11:41:27.4683092+02:00" />
  <ResultSummary outcome="Failed">
    <Counters total="1" executed="1" error="0" failed="1" timeout="0" aborted="0" inconclusive="0" passedButRunAborted="0" notRunnable="0" notExecuted="0" disconnected="0" warning="0" passed="0" completed="0" inProgress="0" pending="0" />
  </ResultSummary>
  <TestDefinitions>
    <UnitTest name="Then_Task_postponed_event_is_published" storage="c:\source\_projects\nexttask\nexttask.tests\bin\debug\nexttask.tests.dll" id="e902fb07-72e1-cf36-946f-cf8c970bb6c6">
      <Execution timeOut="1800000" id="4bc1f486-9cfa-467b-9af3-13c42e431cc8" />
      <TestMethod codeBase="C:/Source/_Projects/NextTask/NextTask.Tests/bin/Debug/NextTask.Tests.DLL" adapterTypeName="Microsoft.VisualStudio.TestTools.TestTypes.Unit.UnitTestAdapter, Microsoft.VisualStudio.QualityTools.Tips.UnitTest.Adapter, Version=10.0.0.0, Culture=neutral, PublicKeyToken=b03f5f7f11d50a3a" className="NextTask.Tests.When_postponing_task, NextTask.Tests, Version=1.0.0.0, Culture=neutral, PublicKeyToken=null" name="Then_Task_postponed_event_is_published" />
    </UnitTest>
  </TestDefinitions>
  <TestLists>
    <TestList name="Results Not in a List" id="8c84fa94-04c1-424b-9868-57a2d4851a1d" />
    <TestList name="All Loaded Results" id="19431567-8539-422a-85d7-44ee4e166bda" />
  </TestLists>
  <TestEntries>
    <TestEntry testId="e902fb07-72e1-cf36-946f-cf8c970bb6c6" executionId="4bc1f486-9cfa-467b-9af3-13c42e431cc8" testListId="8c84fa94-04c1-424b-9868-57a2d4851a1d" />
  </TestEntries>
  <Results>
    <UnitTestResult executionId="4bc1f486-9cfa-467b-9af3-13c42e431cc8" testId="e902fb07-72e1-cf36-946f-cf8c970bb6c6" testName="Then_Task_postponed_event_is_published" computerName="FKVAIO" duration="00:00:00.2314798" startTime="2010-09-06T11:41:27.0602859+02:00" endTime="2010-09-06T11:41:27.3863046+02:00" testType="13cdc9d9-ddb5-4fa4-a97d-d965ccfc6d4b" outcome="Failed" testListId="8c84fa94-04c1-424b-9868-57a2d4851a1d" relativeResultsDirectory="4bc1f486-9cfa-467b-9af3-13c42e431cc8">
      <Output>
        <ErrorInfo>
          <Message>Assert.IsNotNull failed. </Message>
          <StackTrace>   at NextTask.Tests.When_postponing_task.Then_Task_postponed_event_is_published() in C:\Source\_Projects\NextTask\NextTask.Tests\Can_postpone_task.cs:line 41
</StackTrace>
        </ErrorInfo>
      </Output>
    </UnitTestResult>
  </Results>
</TestRun>