<?xml version="1.0" encoding="UTF-8"?>
<TestRun id="927a85d5-fcba-42b3-8923-d9ba4fe19803" name="Fredrik@FKVAIO 2010-09-06 11:43:44" runUser="FKVaio\Fredrik" xmlns="http://microsoft.com/schemas/VisualStudio/TeamTest/2010">
  <TestSettings name="Local" id="5b82bb5d-938d-47a6-8c5b-afaf40dc0149">
    <Description>These are default test settings for a local test run.</Description>
    <Deployment enabled="false" runDeploymentRoot="Fredrik_FKVAIO 2010-09-06 11_43_44" />
    <Execution>
      <TestTypeSpecific />
      <AgentRule name="Execution Agents">
      </AgentRule>
    </Execution>
  </TestSettings>
  <Times creation="2010-09-06T11:43:44.6511557+02:00" queuing="2010-09-06T11:43:44.9441724+02:00" start="2010-09-06T11:43:45.2001871+02:00" finish="2010-09-06T11:43:45.6432124+02:00" />
  <ResultSummary outcome="Completed">
    <Counters total="1" executed="1" passed="1" error="0" failed="0" timeout="0" aborted="0" inconclusive="0" passedButRunAborted="0" notRunnable="0" notExecuted="0" disconnected="0" warning="0" completed="0" inProgress="0" pending="0" />
  </ResultSummary>
  <TestDefinitions>
    <UnitTest name="Then_Task_postponed_event_is_published" storage="c:\source\_projects\nexttask\nexttask.tests\bin\debug\nexttask.tests.dll" id="e902fb07-72e1-cf36-946f-cf8c970bb6c6">
      <Execution timeOut="1800000" id="f2a4fe2e-65cc-4ac5-9cdd-48be8d194ffe" />
      <TestMethod codeBase="C:/Source/_Projects/NextTask/NextTask.Tests/bin/Debug/NextTask.Tests.DLL" adapterTypeName="Microsoft.VisualStudio.TestTools.TestTypes.Unit.UnitTestAdapter, Microsoft.VisualStudio.QualityTools.Tips.UnitTest.Adapter, Version=10.0.0.0, Culture=neutral, PublicKeyToken=b03f5f7f11d50a3a" className="NextTask.Tests.When_postponing_task, NextTask.Tests, Version=1.0.0.0, Culture=neutral, PublicKeyToken=null" name="Then_Task_postponed_event_is_published" />
    </UnitTest>
  </TestDefinitions>
  <TestLists>
    <TestList name="Results Not in a List" id="8c84fa94-04c1-424b-9868-57a2d4851a1d" />
    <TestList name="All Loaded Results" id="19431567-8539-422a-85d7-44ee4e166bda" />
  </TestLists>
  <TestEntries>
    <TestEntry testId="e902fb07-72e1-cf36-946f-cf8c970bb6c6" executionId="f2a4fe2e-65cc-4ac5-9cdd-48be8d194ffe" testListId="8c84fa94-04c1-424b-9868-57a2d4851a1d" />
  </TestEntries>
  <Results>
    <UnitTestResult executionId="f2a4fe2e-65cc-4ac5-9cdd-48be8d194ffe" testId="e902fb07-72e1-cf36-946f-cf8c970bb6c6" testName="Then_Task_postponed_event_is_published" computerName="FKVAIO" duration="00:00:00.1804568" startTime="2010-09-06T11:43:45.2721912+02:00" endTime="2010-09-06T11:43:45.5632078+02:00" testType="13cdc9d9-ddb5-4fa4-a97d-d965ccfc6d4b" outcome="Passed" testListId="8c84fa94-04c1-424b-9868-57a2d4851a1d" relativeResultsDirectory="f2a4fe2e-65cc-4ac5-9cdd-48be8d194ffe">
    </UnitTestResult>
  </Results>
</TestRun>