<?xml version="1.0" encoding="UTF-8"?>
<TestRun id="7ecdf5ff-ab90-4651-9dfb-e7c242ef3d5c" name="Fredrik@FKVAIO 2010-09-06 13:51:44" runUser="FKVaio\Fredrik" xmlns="http://microsoft.com/schemas/VisualStudio/TeamTest/2010">
  <TestSettings name="Local" id="5b82bb5d-938d-47a6-8c5b-afaf40dc0149">
    <Description>These are default test settings for a local test run.</Description>
    <Deployment enabled="false" runDeploymentRoot="Fredrik_FKVAIO 2010-09-06 13_51_44" />
    <Execution>
      <TestTypeSpecific />
      <AgentRule name="Execution Agents">
      </AgentRule>
    </Execution>
  </TestSettings>
  <Times creation="2010-09-06T13:51:44.2794053+02:00" queuing="2010-09-06T13:51:44.5794224+02:00" start="2010-09-06T13:51:44.8494379+02:00" finish="2010-09-06T13:51:45.3004637+02:00" />
  <ResultSummary outcome="Completed">
    <Counters total="4" executed="4" passed="4" error="0" failed="0" timeout="0" aborted="0" inconclusive="0" passedButRunAborted="0" notRunnable="0" notExecuted="0" disconnected="0" warning="0" completed="0" inProgress="0" pending="0" />
  </ResultSummary>
  <TestDefinitions>
    <UnitTest name="TaskPostponed_event_is_published" storage="c:\source\_projects\nexttask\nexttask.tests\bin\debug\nexttask.tests.dll" id="48190fb3-47e2-4c5f-b51b-b8f8d829603b">
      <Execution timeOut="1800000" id="e411fad5-fe92-4378-abde-9b1ea2bcf4f7" />
      <TestMethod codeBase="C:/Source/_Projects/NextTask/NextTask.Tests/bin/Debug/NextTask.Tests.DLL" adapterTypeName="Microsoft.VisualStudio.TestTools.TestTypes.Unit.UnitTestAdapter, Microsoft.VisualStudio.QualityTools.Tips.UnitTest.Adapter, Version=10.0.0.0, Culture=neutral, PublicKeyToken=b03f5f7f11d50a3a" className="NextTask.Tests.When_postponing_task, NextTask.Tests, Version=1.0.0.0, Culture=neutral, PublicKeyToken=null" name="TaskPostponed_event_is_published" />
    </UnitTest>
    <UnitTest name="Exception_is_thrown" storage="c:\source\_projects\nexttask\nexttask.tests\bin\debug\nexttask.tests.dll" id="98bb3bc4-05d4-f8e2-a91b-ad8e68c6fd76">
      <Execution timeOut="1800000" id="5b5fa212-ef84-4ef7-8bae-e75aaab7353e" />
      <TestMethod codeBase="C:/Source/_Projects/NextTask/NextTask.Tests/bin/Debug/NextTask.Tests.DLL" adapterTypeName="Microsoft.VisualStudio.TestTools.TestTypes.Unit.UnitTestAdapter, Microsoft.VisualStudio.QualityTools.Tips.UnitTest.Adapter, Version=10.0.0.0, Culture=neutral, PublicKeyToken=b03f5f7f11d50a3a" className="NextTask.Tests.When_postponing_task_with_new_due_date_less_than_existing_due_date, NextTask.Tests, Version=1.0.0.0, Culture=neutral, PublicKeyToken=null" name="Exception_is_thrown" />
    </UnitTest>
    <UnitTest name="TaskCancelled_event_is_published" storage="c:\source\_projects\nexttask\nexttask.tests\bin\debug\nexttask.tests.dll" id="7a533ce9-67f5-f9af-ad97-121a2f49f974">
      <Execution timeOut="1800000" id="e0db090a-2ca8-4a34-9a73-937483a1117d" />
      <TestMethod codeBase="C:/Source/_Projects/NextTask/NextTask.Tests/bin/Debug/NextTask.Tests.DLL" adapterTypeName="Microsoft.VisualStudio.TestTools.TestTypes.Unit.UnitTestAdapter, Microsoft.VisualStudio.QualityTools.Tips.UnitTest.Adapter, Version=10.0.0.0, Culture=neutral, PublicKeyToken=b03f5f7f11d50a3a" className="NextTask.Tests.When_completing_task, NextTask.Tests, Version=1.0.0.0, Culture=neutral, PublicKeyToken=null" name="TaskCancelled_event_is_published" />
    </UnitTest>
    <UnitTest name="TaskCancelled_event_is_published" storage="c:\source\_projects\nexttask\nexttask.tests\bin\debug\nexttask.tests.dll" id="28c8e7d6-deb0-1a4d-e172-64b990106212">
      <Execution timeOut="1800000" id="5a39c69b-0d29-48bd-b9a6-4c3f938614c8" />
      <TestMethod codeBase="C:/Source/_Projects/NextTask/NextTask.Tests/bin/Debug/NextTask.Tests.DLL" adapterTypeName="Microsoft.VisualStudio.TestTools.TestTypes.Unit.UnitTestAdapter, Microsoft.VisualStudio.QualityTools.Tips.UnitTest.Adapter, Version=10.0.0.0, Culture=neutral, PublicKeyToken=b03f5f7f11d50a3a" className="NextTask.Tests.When_cancelling_task, NextTask.Tests, Version=1.0.0.0, Culture=neutral, PublicKeyToken=null" name="TaskCancelled_event_is_published" />
    </UnitTest>
  </TestDefinitions>
  <TestLists>
    <TestList name="Results Not in a List" id="8c84fa94-04c1-424b-9868-57a2d4851a1d" />
    <TestList name="All Loaded Results" id="19431567-8539-422a-85d7-44ee4e166bda" />
  </TestLists>
  <TestEntries>
    <TestEntry testId="28c8e7d6-deb0-1a4d-e172-64b990106212" executionId="5a39c69b-0d29-48bd-b9a6-4c3f938614c8" testListId="8c84fa94-04c1-424b-9868-57a2d4851a1d" />
    <TestEntry testId="7a533ce9-67f5-f9af-ad97-121a2f49f974" executionId="e0db090a-2ca8-4a34-9a73-937483a1117d" testListId="8c84fa94-04c1-424b-9868-57a2d4851a1d" />
    <TestEntry testId="48190fb3-47e2-4c5f-b51b-b8f8d829603b" executionId="e411fad5-fe92-4378-abde-9b1ea2bcf4f7" testListId="8c84fa94-04c1-424b-9868-57a2d4851a1d" />
    <TestEntry testId="98bb3bc4-05d4-f8e2-a91b-ad8e68c6fd76" executionId="5b5fa212-ef84-4ef7-8bae-e75aaab7353e" testListId="8c84fa94-04c1-424b-9868-57a2d4851a1d" />
  </TestEntries>
  <Results>
    <UnitTestResult executionId="5a39c69b-0d29-48bd-b9a6-4c3f938614c8" testId="28c8e7d6-deb0-1a4d-e172-64b990106212" testName="TaskCancelled_event_is_published" computerName="FKVAIO" duration="00:00:00.1872662" startTime="2010-09-06T13:51:44.8904402+02:00" endTime="2010-09-06T13:51:45.1724563+02:00" testType="13cdc9d9-ddb5-4fa4-a97d-d965ccfc6d4b" outcome="Passed" testListId="8c84fa94-04c1-424b-9868-57a2d4851a1d" relativeResultsDirectory="5a39c69b-0d29-48bd-b9a6-4c3f938614c8">
    </UnitTestResult>
    <UnitTestResult executionId="e0db090a-2ca8-4a34-9a73-937483a1117d" testId="7a533ce9-67f5-f9af-ad97-121a2f49f974" testName="TaskCancelled_event_is_published" computerName="FKVAIO" duration="00:00:00.0056528" startTime="2010-09-06T13:51:45.1864571+02:00" endTime="2010-09-06T13:51:45.1994579+02:00" testType="13cdc9d9-ddb5-4fa4-a97d-d965ccfc6d4b" outcome="Passed" testListId="8c84fa94-04c1-424b-9868-57a2d4851a1d" relativeResultsDirectory="e0db090a-2ca8-4a34-9a73-937483a1117d">
    </UnitTestResult>
    <UnitTestResult executionId="e411fad5-fe92-4378-abde-9b1ea2bcf4f7" testId="48190fb3-47e2-4c5f-b51b-b8f8d829603b" testName="TaskPostponed_event_is_published" computerName="FKVAIO" duration="00:00:00.0070741" startTime="2010-09-06T13:51:45.2084584+02:00" endTime="2010-09-06T13:51:45.2204591+02:00" testType="13cdc9d9-ddb5-4fa4-a97d-d965ccfc6d4b" outcome="Passed" testListId="8c84fa94-04c1-424b-9868-57a2d4851a1d" relativeResultsDirectory="e411fad5-fe92-4378-abde-9b1ea2bcf4f7">
    </UnitTestResult>
    <UnitTestResult executionId="5b5fa212-ef84-4ef7-8bae-e75aaab7353e" testId="98bb3bc4-05d4-f8e2-a91b-ad8e68c6fd76" testName="Exception_is_thrown" computerName="FKVAIO" duration="00:00:00.0038422" startTime="2010-09-06T13:51:45.2224592+02:00" endTime="2010-09-06T13:51:45.2274595+02:00" testType="13cdc9d9-ddb5-4fa4-a97d-d965ccfc6d4b" outcome="Passed" testListId="8c84fa94-04c1-424b-9868-57a2d4851a1d" relativeResultsDirectory="5b5fa212-ef84-4ef7-8bae-e75aaab7353e">
    </UnitTestResult>
  </Results>
</TestRun>