<?xml version="1.0" encoding="UTF-8"?>
<TestRun id="37347a24-49b1-49b8-ad0e-4ca32befe8a1" name="Fredrik@FKVAIO 2010-09-07 12:43:34" runUser="FKVaio\Fredrik" xmlns="http://microsoft.com/schemas/VisualStudio/TeamTest/2010">
  <TestSettings name="Local" id="5b82bb5d-938d-47a6-8c5b-afaf40dc0149">
    <Description>These are default test settings for a local test run.</Description>
    <Deployment enabled="false" runDeploymentRoot="Fredrik_FKVAIO 2010-09-07 12_43_34" />
    <Execution>
      <TestTypeSpecific />
      <AgentRule name="Execution Agents">
      </AgentRule>
    </Execution>
  </TestSettings>
  <Times creation="2010-09-07T12:43:34.5588978+02:00" queuing="2010-09-07T12:43:34.8639152+02:00" start="2010-09-07T12:43:35.1439312+02:00" finish="2010-09-07T12:43:36.0589836+02:00" />
  <ResultSummary outcome="Failed">
    <Counters total="1" executed="1" error="0" failed="1" timeout="0" aborted="0" inconclusive="0" passedButRunAborted="0" notRunnable="0" notExecuted="0" disconnected="0" warning="0" passed="0" completed="0" inProgress="0" pending="0" />
  </ResultSummary>
  <TestDefinitions>
    <UnitTest name="Can_load_aggregate_from_xml" storage="c:\source\_projects\nexttask\cqrs.tests\bin\debug\cqrs.tests.dll" id="9f841c14-b4e3-1a79-ed1b-02034833dca1">
      <Execution timeOut="1800000" id="84f9eac8-8fe6-463a-b063-388a4ea80473" />
      <TestMethod codeBase="C:/Source/_Projects/NextTask/Cqrs.Tests/bin/Debug/Cqrs.Tests.DLL" adapterTypeName="Microsoft.VisualStudio.TestTools.TestTypes.Unit.UnitTestAdapter, Microsoft.VisualStudio.QualityTools.Tips.UnitTest.Adapter, Version=10.0.0.0, Culture=neutral, PublicKeyToken=b03f5f7f11d50a3a" className="Cqrs.Tests.XmlEventStorageTests, Cqrs.Tests, Version=1.0.0.0, Culture=neutral, PublicKeyToken=null" name="Can_load_aggregate_from_xml" />
    </UnitTest>
  </TestDefinitions>
  <TestLists>
    <TestList name="Results Not in a List" id="8c84fa94-04c1-424b-9868-57a2d4851a1d" />
    <TestList name="All Loaded Results" id="19431567-8539-422a-85d7-44ee4e166bda" />
  </TestLists>
  <TestEntries>
    <TestEntry testId="9f841c14-b4e3-1a79-ed1b-02034833dca1" executionId="84f9eac8-8fe6-463a-b063-388a4ea80473" testListId="8c84fa94-04c1-424b-9868-57a2d4851a1d" />
  </TestEntries>
  <Results>
    <UnitTestResult executionId="84f9eac8-8fe6-463a-b063-388a4ea80473" testId="9f841c14-b4e3-1a79-ed1b-02034833dca1" testName="Can_load_aggregate_from_xml" computerName="FKVAIO" duration="00:00:00.6912448" startTime="2010-09-07T12:43:35.2049347+02:00" endTime="2010-09-07T12:43:35.9699785+02:00" testType="13cdc9d9-ddb5-4fa4-a97d-d965ccfc6d4b" outcome="Failed" testListId="8c84fa94-04c1-424b-9868-57a2d4851a1d" relativeResultsDirectory="84f9eac8-8fe6-463a-b063-388a4ea80473">
      <Output>
        <ErrorInfo>
          <Message>Test method Cqrs.Tests.XmlEventStorageTests.Can_load_aggregate_from_xml threw exception: 
System.Reflection.TargetInvocationException: Exception has been thrown by the target of an invocation. ---&gt; Cqrs.UnknownDomainEventException: Aggregate root has no known handler for Cqrs.Tests.SomeDomainEvent</Message>
          <StackTrace>    at Cqrs.AggregateRoot.HandleEvent[TEvent](TEvent event) in C:\Source\_Projects\NextTask\Cqrs\AggregateRoot.cs:line 49
   at Cqrs.AggregateRoot.Apply[TEvent](TEvent event, Boolean isNew) in C:\Source\_Projects\NextTask\Cqrs\AggregateRoot.cs:line 38
   at Cqrs.AggregateRoot..ctor(IEnumerable`1 events) in C:\Source\_Projects\NextTask\Cqrs\AggregateRoot.cs:line 22
   at Cqrs.Tests.SomeDomainEntityWithEvents..ctor(IEnumerable`1 events) in C:\Source\_Projects\NextTask\Cqrs.Tests\TestClasses\SomeDomainEntityWithEvents.cs:line 9
 --- End of inner exception stack trace ---
    at System.RuntimeMethodHandle._InvokeConstructor(IRuntimeMethodInfo method, Object[] args, SignatureStruct&amp; signature, RuntimeType declaringType)
   at System.RuntimeMethodHandle.InvokeConstructor(IRuntimeMethodInfo method, Object[] args, SignatureStruct signature, RuntimeType declaringType)
   at System.Reflection.RuntimeConstructorInfo.Invoke(BindingFlags invokeAttr, Binder binder, Object[] parameters, CultureInfo culture)
   at System.RuntimeType.CreateInstanceImpl(BindingFlags bindingAttr, Binder binder, Object[] args, CultureInfo culture, Object[] activationAttributes)
   at System.Activator.CreateInstance(Type type, BindingFlags bindingAttr, Binder binder, Object[] args, CultureInfo culture, Object[] activationAttributes)
   at System.Activator.CreateInstance(Type type, Object[] args)
   at Cqrs.XmlEventStorage.Load[TAggregate](Guid aId) in C:\Source\_Projects\NextTask\Cqrs\XmlEventStorage.cs:line 32
   at Cqrs.Tests.XmlEventStorageTests.Can_load_aggregate_from_xml() in C:\Source\_Projects\NextTask\Cqrs.Tests\XmlEventStorageTests.cs:line 17
</StackTrace>
        </ErrorInfo>
      </Output>
    </UnitTestResult>
  </Results>
</TestRun>