<?xml version="1.0" encoding="UTF-8"?>
<TestRun id="7cfecefc-bb5c-411e-8bd9-39823579196f" name="Fredrik@FKVAIO 2010-09-05 16:07:20" runUser="FKVaio\Fredrik" xmlns="http://microsoft.com/schemas/VisualStudio/TeamTest/2010">
  <TestSettings name="Local" id="5b82bb5d-938d-47a6-8c5b-afaf40dc0149">
    <Description>These are default test settings for a local test run.</Description>
    <Deployment enabled="false" runDeploymentRoot="Fredrik_FKVAIO 2010-09-05 16_07_20" />
    <Execution>
      <TestTypeSpecific />
      <AgentRule name="Execution Agents">
      </AgentRule>
    </Execution>
  </TestSettings>
  <Times creation="2010-09-05T16:07:20.6194777+02:00" queuing="2010-09-05T16:07:20.9244951+02:00" start="2010-09-05T16:07:21.2075113+02:00" finish="2010-09-05T16:07:21.4275239+02:00" />
  <ResultSummary outcome="Completed">
    <Counters total="1" executed="1" passed="1" error="0" failed="0" timeout="0" aborted="0" inconclusive="0" passedButRunAborted="0" notRunnable="0" notExecuted="0" disconnected="0" warning="0" completed="0" inProgress="0" pending="0" />
  </ResultSummary>
  <TestDefinitions>
    <UnitTest name="Events_are_published_on_commit" storage="c:\source\_projects\nexttask\cqrs.tests\bin\debug\cqrs.tests.dll" id="7d7fa0f9-8264-4d07-9eb6-a75135910a6a">
      <Execution timeOut="1800000" id="a9938a02-b211-48b1-87c8-10a17b153150" />
      <TestMethod codeBase="C:/Source/_Projects/NextTask/Cqrs.Tests/bin/Debug/Cqrs.Tests.DLL" adapterTypeName="Microsoft.VisualStudio.TestTools.TestTypes.Unit.UnitTestAdapter, Microsoft.VisualStudio.QualityTools.Tips.UnitTest.Adapter, Version=10.0.0.0, Culture=neutral, PublicKeyToken=b03f5f7f11d50a3a" className="Cqrs.Tests.SessionTests, Cqrs.Tests, Version=1.0.0.0, Culture=neutral, PublicKeyToken=null" name="Events_are_published_on_commit" />
    </UnitTest>
  </TestDefinitions>
  <TestLists>
    <TestList name="Results Not in a List" id="8c84fa94-04c1-424b-9868-57a2d4851a1d" />
    <TestList name="All Loaded Results" id="19431567-8539-422a-85d7-44ee4e166bda" />
  </TestLists>
  <TestEntries>
    <TestEntry testId="7d7fa0f9-8264-4d07-9eb6-a75135910a6a" executionId="a9938a02-b211-48b1-87c8-10a17b153150" testListId="8c84fa94-04c1-424b-9868-57a2d4851a1d" />
  </TestEntries>
  <Results>
    <UnitTestResult executionId="a9938a02-b211-48b1-87c8-10a17b153150" testId="7d7fa0f9-8264-4d07-9eb6-a75135910a6a" testName="Events_are_published_on_commit" computerName="FKVAIO" duration="00:00:00.0330507" startTime="2010-09-05T16:07:21.2295126+02:00" endTime="2010-09-05T16:07:21.3365187+02:00" testType="13cdc9d9-ddb5-4fa4-a97d-d965ccfc6d4b" outcome="Passed" testListId="8c84fa94-04c1-424b-9868-57a2d4851a1d" relativeResultsDirectory="a9938a02-b211-48b1-87c8-10a17b153150">
    </UnitTestResult>
  </Results>
</TestRun>