<?xml version="1.0" encoding="UTF-8"?>
<TestRun id="7e19dce7-f157-498a-8308-45529fb8702a" name="Fredrik@FKVAIO 2010-09-07 12:48:28" runUser="FKVaio\Fredrik" xmlns="http://microsoft.com/schemas/VisualStudio/TeamTest/2010">
  <TestSettings name="Local" id="5b82bb5d-938d-47a6-8c5b-afaf40dc0149">
    <Description>These are default test settings for a local test run.</Description>
    <Deployment enabled="false" runDeploymentRoot="Fredrik_FKVAIO 2010-09-07 12_48_28" />
    <Execution>
      <TestTypeSpecific />
      <AgentRule name="Execution Agents">
      </AgentRule>
    </Execution>
  </TestSettings>
  <Times creation="2010-09-07T12:48:28.6437185+02:00" queuing="2010-09-07T12:48:28.9607366+02:00" start="2010-09-07T12:48:29.2437528+02:00" finish="2010-09-07T12:48:30.8228431+02:00" />
  <ResultSummary outcome="Completed">
    <Counters total="17" executed="17" passed="17" error="0" failed="0" timeout="0" aborted="0" inconclusive="0" passedButRunAborted="0" notRunnable="0" notExecuted="0" disconnected="0" warning="0" completed="0" inProgress="0" pending="0" />
  </ResultSummary>
  <TestDefinitions>
    <UnitTest name="Multiple_handlers_invoked_when_publishing_event" storage="c:\source\_projects\nexttask\cqrs.tests\bin\debug\cqrs.tests.dll" id="90ee55b2-3f16-256a-2054-184e011d2701">
      <Execution timeOut="1800000" id="50263bc2-c608-452c-868c-d4aa1a4b5938" />
      <TestMethod codeBase="C:/Source/_Projects/NextTask/Cqrs.Tests/bin/Debug/Cqrs.Tests.DLL" adapterTypeName="Microsoft.VisualStudio.TestTools.TestTypes.Unit.UnitTestAdapter, Microsoft.VisualStudio.QualityTools.Tips.UnitTest.Adapter, Version=10.0.0.0, Culture=neutral, PublicKeyToken=b03f5f7f11d50a3a" className="Cqrs.Tests.DefaultBusTests, Cqrs.Tests, Version=1.0.0.0, Culture=neutral, PublicKeyToken=null" name="Multiple_handlers_invoked_when_publishing_event" />
    </UnitTest>
    <UnitTest name="Can_get_tracked_aggregate" storage="c:\source\_projects\nexttask\cqrs.tests\bin\debug\cqrs.tests.dll" id="b64469f4-f509-bc16-7473-6d9c41518282">
      <Execution timeOut="1800000" id="882fd3ad-557d-4f79-bc16-4df9880574a5" />
      <TestMethod codeBase="C:/Source/_Projects/NextTask/Cqrs.Tests/bin/Debug/Cqrs.Tests.DLL" adapterTypeName="Microsoft.VisualStudio.TestTools.TestTypes.Unit.UnitTestAdapter, Microsoft.VisualStudio.QualityTools.Tips.UnitTest.Adapter, Version=10.0.0.0, Culture=neutral, PublicKeyToken=b03f5f7f11d50a3a" className="Cqrs.Tests.SessionTests, Cqrs.Tests, Version=1.0.0.0, Culture=neutral, PublicKeyToken=null" name="Can_get_tracked_aggregate" />
    </UnitTest>
    <UnitTest name="Events_are_published_to_bus_on_commit" storage="c:\source\_projects\nexttask\cqrs.tests\bin\debug\cqrs.tests.dll" id="9e277b9e-7103-bb68-12d9-9d382a8e63eb">
      <Execution timeOut="1800000" id="aae8e158-68c6-4f12-b576-c7e78adaa3de" />
      <TestMethod codeBase="C:/Source/_Projects/NextTask/Cqrs.Tests/bin/Debug/Cqrs.Tests.DLL" adapterTypeName="Microsoft.VisualStudio.TestTools.TestTypes.Unit.UnitTestAdapter, Microsoft.VisualStudio.QualityTools.Tips.UnitTest.Adapter, Version=10.0.0.0, Culture=neutral, PublicKeyToken=b03f5f7f11d50a3a" className="Cqrs.Tests.SessionTests, Cqrs.Tests, Version=1.0.0.0, Culture=neutral, PublicKeyToken=null" name="Events_are_published_to_bus_on_commit" />
    </UnitTest>
    <UnitTest name="Handler_invoked_when_publishing_event" storage="c:\source\_projects\nexttask\cqrs.tests\bin\debug\cqrs.tests.dll" id="2d2c1847-b97e-3e8a-d46b-e13544e7a3e2">
      <Execution timeOut="1800000" id="f0b4ed30-a725-4552-b61d-46cb3ec8f251" />
      <TestMethod codeBase="C:/Source/_Projects/NextTask/Cqrs.Tests/bin/Debug/Cqrs.Tests.DLL" adapterTypeName="Microsoft.VisualStudio.TestTools.TestTypes.Unit.UnitTestAdapter, Microsoft.VisualStudio.QualityTools.Tips.UnitTest.Adapter, Version=10.0.0.0, Culture=neutral, PublicKeyToken=b03f5f7f11d50a3a" className="Cqrs.Tests.DefaultBusTests, Cqrs.Tests, Version=1.0.0.0, Culture=neutral, PublicKeyToken=null" name="Handler_invoked_when_publishing_event" />
    </UnitTest>
    <UnitTest name="Can_track_aggregate" storage="c:\source\_projects\nexttask\cqrs.tests\bin\debug\cqrs.tests.dll" id="740d589c-dfdf-2f7c-9011-4ce23e7c829f">
      <Execution timeOut="1800000" id="45ceb5ba-a54a-400d-97b0-e564c2777c94" />
      <TestMethod codeBase="C:/Source/_Projects/NextTask/Cqrs.Tests/bin/Debug/Cqrs.Tests.DLL" adapterTypeName="Microsoft.VisualStudio.TestTools.TestTypes.Unit.UnitTestAdapter, Microsoft.VisualStudio.QualityTools.Tips.UnitTest.Adapter, Version=10.0.0.0, Culture=neutral, PublicKeyToken=b03f5f7f11d50a3a" className="Cqrs.Tests.SessionTests, Cqrs.Tests, Version=1.0.0.0, Culture=neutral, PublicKeyToken=null" name="Can_track_aggregate" />
    </UnitTest>
    <UnitTest name="Can_apply_domain_events_to_entity" storage="c:\source\_projects\nexttask\cqrs.tests\bin\debug\cqrs.tests.dll" id="2fd786c2-9055-0b42-09cb-ae9b92184a5a">
      <Execution timeOut="1800000" id="d74b09d7-127e-4841-b393-394b462e9425" />
      <TestMethod codeBase="C:/Source/_Projects/NextTask/Cqrs.Tests/bin/Debug/Cqrs.Tests.DLL" adapterTypeName="Microsoft.VisualStudio.TestTools.TestTypes.Unit.UnitTestAdapter, Microsoft.VisualStudio.QualityTools.Tips.UnitTest.Adapter, Version=10.0.0.0, Culture=neutral, PublicKeyToken=b03f5f7f11d50a3a" className="Cqrs.Tests.AggregateRootTests, Cqrs.Tests, Version=1.0.0.0, Culture=neutral, PublicKeyToken=null" name="Can_apply_domain_events_to_entity" />
    </UnitTest>
    <UnitTest name="Can_create_domain_entity" storage="c:\source\_projects\nexttask\cqrs.tests\bin\debug\cqrs.tests.dll" id="7efd8765-fae8-a608-14aa-de5d9f60cb29">
      <Execution timeOut="1800000" id="0383ee1c-b0da-4539-9e08-f9c06fa3573e" />
      <TestMethod codeBase="C:/Source/_Projects/NextTask/Cqrs.Tests/bin/Debug/Cqrs.Tests.DLL" adapterTypeName="Microsoft.VisualStudio.TestTools.TestTypes.Unit.UnitTestAdapter, Microsoft.VisualStudio.QualityTools.Tips.UnitTest.Adapter, Version=10.0.0.0, Culture=neutral, PublicKeyToken=b03f5f7f11d50a3a" className="Cqrs.Tests.AggregateRootTests, Cqrs.Tests, Version=1.0.0.0, Culture=neutral, PublicKeyToken=null" name="Can_create_domain_entity" />
    </UnitTest>
    <UnitTest name="Throws_exception_when_applying_unknown_event_on_aggregate_root" storage="c:\source\_projects\nexttask\cqrs.tests\bin\debug\cqrs.tests.dll" id="1461b895-bbc7-b431-c049-57c59f39bac6">
      <Execution timeOut="1800000" id="16a784dd-7b1b-4fdf-97a8-d22175f148fe" />
      <TestMethod codeBase="C:/Source/_Projects/NextTask/Cqrs.Tests/bin/Debug/Cqrs.Tests.DLL" adapterTypeName="Microsoft.VisualStudio.TestTools.TestTypes.Unit.UnitTestAdapter, Microsoft.VisualStudio.QualityTools.Tips.UnitTest.Adapter, Version=10.0.0.0, Culture=neutral, PublicKeyToken=b03f5f7f11d50a3a" className="Cqrs.Tests.AggregateRootTests, Cqrs.Tests, Version=1.0.0.0, Culture=neutral, PublicKeyToken=null" name="Throws_exception_when_applying_unknown_event_on_aggregate_root" />
    </UnitTest>
    <UnitTest name="Event_handler_invoked_when_applying_domain_event_to_aggregate_root" storage="c:\source\_projects\nexttask\cqrs.tests\bin\debug\cqrs.tests.dll" id="a2d9bbf9-183f-d3ea-3fd1-830a4c6fd701">
      <Execution timeOut="1800000" id="5fb7a8c3-fd37-4d15-a3cb-60717ae3d822" />
      <TestMethod codeBase="C:/Source/_Projects/NextTask/Cqrs.Tests/bin/Debug/Cqrs.Tests.DLL" adapterTypeName="Microsoft.VisualStudio.TestTools.TestTypes.Unit.UnitTestAdapter, Microsoft.VisualStudio.QualityTools.Tips.UnitTest.Adapter, Version=10.0.0.0, Culture=neutral, PublicKeyToken=b03f5f7f11d50a3a" className="Cqrs.Tests.AggregateRootTests, Cqrs.Tests, Version=1.0.0.0, Culture=neutral, PublicKeyToken=null" name="Event_handler_invoked_when_applying_domain_event_to_aggregate_root" />
    </UnitTest>
    <UnitTest name="Can_commit_changes" storage="c:\source\_projects\nexttask\cqrs.tests\bin\debug\cqrs.tests.dll" id="651b38e4-0906-957e-a142-55f881b173d3">
      <Execution timeOut="1800000" id="fb0fd641-60dd-4e02-8157-cbb0f3b28b0a" />
      <TestMethod codeBase="C:/Source/_Projects/NextTask/Cqrs.Tests/bin/Debug/Cqrs.Tests.DLL" adapterTypeName="Microsoft.VisualStudio.TestTools.TestTypes.Unit.UnitTestAdapter, Microsoft.VisualStudio.QualityTools.Tips.UnitTest.Adapter, Version=10.0.0.0, Culture=neutral, PublicKeyToken=b03f5f7f11d50a3a" className="Cqrs.Tests.SessionTests, Cqrs.Tests, Version=1.0.0.0, Culture=neutral, PublicKeyToken=null" name="Can_commit_changes" />
    </UnitTest>
    <UnitTest name="can_write_aggregate_to_xml" storage="c:\source\_projects\nexttask\cqrs.tests\bin\debug\cqrs.tests.dll" id="a18e2191-d0ae-0d31-3c62-8dc6f968ed18">
      <Execution timeOut="1800000" id="b2f3fea6-fa36-4601-86ae-cd3c13269557" />
      <TestMethod codeBase="C:/Source/_Projects/NextTask/Cqrs.Tests/bin/Debug/Cqrs.Tests.DLL" adapterTypeName="Microsoft.VisualStudio.TestTools.TestTypes.Unit.UnitTestAdapter, Microsoft.VisualStudio.QualityTools.Tips.UnitTest.Adapter, Version=10.0.0.0, Culture=neutral, PublicKeyToken=b03f5f7f11d50a3a" className="Cqrs.Tests.XmlEventStorageTests, Cqrs.Tests, Version=1.0.0.0, Culture=neutral, PublicKeyToken=null" name="can_write_aggregate_to_xml" />
    </UnitTest>
    <UnitTest name="Can_publish_event_when_no_handlers_registered" storage="c:\source\_projects\nexttask\cqrs.tests\bin\debug\cqrs.tests.dll" id="5fee3a36-6c00-f10e-1a22-809f0868a73a">
      <Execution timeOut="1800000" id="2230a7cd-03a5-4db4-83e5-2501f2a6142f" />
      <TestMethod codeBase="C:/Source/_Projects/NextTask/Cqrs.Tests/bin/Debug/Cqrs.Tests.DLL" adapterTypeName="Microsoft.VisualStudio.TestTools.TestTypes.Unit.UnitTestAdapter, Microsoft.VisualStudio.QualityTools.Tips.UnitTest.Adapter, Version=10.0.0.0, Culture=neutral, PublicKeyToken=b03f5f7f11d50a3a" className="Cqrs.Tests.DefaultBusTests, Cqrs.Tests, Version=1.0.0.0, Culture=neutral, PublicKeyToken=null" name="Can_publish_event_when_no_handlers_registered" />
    </UnitTest>
    <UnitTest name="Can_publish_multiple_events_when_no_handlers_registered" storage="c:\source\_projects\nexttask\cqrs.tests\bin\debug\cqrs.tests.dll" id="bee24c8e-1f8b-e71b-e4a7-ee4a81c21e2a">
      <Execution timeOut="1800000" id="f5f57440-0b4e-430a-b5e1-67ee17386771" />
      <TestMethod codeBase="C:/Source/_Projects/NextTask/Cqrs.Tests/bin/Debug/Cqrs.Tests.DLL" adapterTypeName="Microsoft.VisualStudio.TestTools.TestTypes.Unit.UnitTestAdapter, Microsoft.VisualStudio.QualityTools.Tips.UnitTest.Adapter, Version=10.0.0.0, Culture=neutral, PublicKeyToken=b03f5f7f11d50a3a" className="Cqrs.Tests.DefaultBusTests, Cqrs.Tests, Version=1.0.0.0, Culture=neutral, PublicKeyToken=null" name="Can_publish_multiple_events_when_no_handlers_registered" />
    </UnitTest>
    <UnitTest name="Can_load_aggregate_from_xml" storage="c:\source\_projects\nexttask\cqrs.tests\bin\debug\cqrs.tests.dll" id="9f841c14-b4e3-1a79-ed1b-02034833dca1">
      <Execution timeOut="1800000" id="4bdcca5c-0602-4f31-9e05-a76452dfa974" />
      <TestMethod codeBase="C:/Source/_Projects/NextTask/Cqrs.Tests/bin/Debug/Cqrs.Tests.DLL" adapterTypeName="Microsoft.VisualStudio.TestTools.TestTypes.Unit.UnitTestAdapter, Microsoft.VisualStudio.QualityTools.Tips.UnitTest.Adapter, Version=10.0.0.0, Culture=neutral, PublicKeyToken=b03f5f7f11d50a3a" className="Cqrs.Tests.XmlEventStorageTests, Cqrs.Tests, Version=1.0.0.0, Culture=neutral, PublicKeyToken=null" name="Can_load_aggregate_from_xml" />
    </UnitTest>
    <UnitTest name="Loads_aggregate_From_eventstore_if_not_tracked" storage="c:\source\_projects\nexttask\cqrs.tests\bin\debug\cqrs.tests.dll" id="2b601dc8-b359-6b2c-9510-f5d3a6f41f6e">
      <Execution timeOut="1800000" id="e9d46d03-7367-48f4-8548-6fdaaea126de" />
      <TestMethod codeBase="C:/Source/_Projects/NextTask/Cqrs.Tests/bin/Debug/Cqrs.Tests.DLL" adapterTypeName="Microsoft.VisualStudio.TestTools.TestTypes.Unit.UnitTestAdapter, Microsoft.VisualStudio.QualityTools.Tips.UnitTest.Adapter, Version=10.0.0.0, Culture=neutral, PublicKeyToken=b03f5f7f11d50a3a" className="Cqrs.Tests.RepositoryTests, Cqrs.Tests, Version=1.0.0.0, Culture=neutral, PublicKeyToken=null" name="Loads_aggregate_From_eventstore_if_not_tracked" />
    </UnitTest>
    <UnitTest name="Loads_aggregate_from_session_if_tracked" storage="c:\source\_projects\nexttask\cqrs.tests\bin\debug\cqrs.tests.dll" id="87f3b8b1-c12b-7c8c-6bb1-55f3fe9ed937">
      <Execution timeOut="1800000" id="2657479a-b2c2-4ff1-af2c-b52b67726da2" />
      <TestMethod codeBase="C:/Source/_Projects/NextTask/Cqrs.Tests/bin/Debug/Cqrs.Tests.DLL" adapterTypeName="Microsoft.VisualStudio.TestTools.TestTypes.Unit.UnitTestAdapter, Microsoft.VisualStudio.QualityTools.Tips.UnitTest.Adapter, Version=10.0.0.0, Culture=neutral, PublicKeyToken=b03f5f7f11d50a3a" className="Cqrs.Tests.RepositoryTests, Cqrs.Tests, Version=1.0.0.0, Culture=neutral, PublicKeyToken=null" name="Loads_aggregate_from_session_if_tracked" />
    </UnitTest>
    <UnitTest name="Other_handlers_not_invoked_when_publishing_event" storage="c:\source\_projects\nexttask\cqrs.tests\bin\debug\cqrs.tests.dll" id="78485a14-1814-da26-c4f8-10bda52aea57">
      <Execution timeOut="1800000" id="edfd1adc-313a-4270-a0f4-90ef36e499b7" />
      <TestMethod codeBase="C:/Source/_Projects/NextTask/Cqrs.Tests/bin/Debug/Cqrs.Tests.DLL" adapterTypeName="Microsoft.VisualStudio.TestTools.TestTypes.Unit.UnitTestAdapter, Microsoft.VisualStudio.QualityTools.Tips.UnitTest.Adapter, Version=10.0.0.0, Culture=neutral, PublicKeyToken=b03f5f7f11d50a3a" className="Cqrs.Tests.DefaultBusTests, Cqrs.Tests, Version=1.0.0.0, Culture=neutral, PublicKeyToken=null" name="Other_handlers_not_invoked_when_publishing_event" />
    </UnitTest>
  </TestDefinitions>
  <TestLists>
    <TestList name="Results Not in a List" id="8c84fa94-04c1-424b-9868-57a2d4851a1d" />
    <TestList name="All Loaded Results" id="19431567-8539-422a-85d7-44ee4e166bda" />
  </TestLists>
  <TestEntries>
    <TestEntry testId="2fd786c2-9055-0b42-09cb-ae9b92184a5a" executionId="d74b09d7-127e-4841-b393-394b462e9425" testListId="8c84fa94-04c1-424b-9868-57a2d4851a1d" />
    <TestEntry testId="7efd8765-fae8-a608-14aa-de5d9f60cb29" executionId="0383ee1c-b0da-4539-9e08-f9c06fa3573e" testListId="8c84fa94-04c1-424b-9868-57a2d4851a1d" />
    <TestEntry testId="a2d9bbf9-183f-d3ea-3fd1-830a4c6fd701" executionId="5fb7a8c3-fd37-4d15-a3cb-60717ae3d822" testListId="8c84fa94-04c1-424b-9868-57a2d4851a1d" />
    <TestEntry testId="1461b895-bbc7-b431-c049-57c59f39bac6" executionId="16a784dd-7b1b-4fdf-97a8-d22175f148fe" testListId="8c84fa94-04c1-424b-9868-57a2d4851a1d" />
    <TestEntry testId="5fee3a36-6c00-f10e-1a22-809f0868a73a" executionId="2230a7cd-03a5-4db4-83e5-2501f2a6142f" testListId="8c84fa94-04c1-424b-9868-57a2d4851a1d" />
    <TestEntry testId="bee24c8e-1f8b-e71b-e4a7-ee4a81c21e2a" executionId="f5f57440-0b4e-430a-b5e1-67ee17386771" testListId="8c84fa94-04c1-424b-9868-57a2d4851a1d" />
    <TestEntry testId="2d2c1847-b97e-3e8a-d46b-e13544e7a3e2" executionId="f0b4ed30-a725-4552-b61d-46cb3ec8f251" testListId="8c84fa94-04c1-424b-9868-57a2d4851a1d" />
    <TestEntry testId="90ee55b2-3f16-256a-2054-184e011d2701" executionId="50263bc2-c608-452c-868c-d4aa1a4b5938" testListId="8c84fa94-04c1-424b-9868-57a2d4851a1d" />
    <TestEntry testId="78485a14-1814-da26-c4f8-10bda52aea57" executionId="edfd1adc-313a-4270-a0f4-90ef36e499b7" testListId="8c84fa94-04c1-424b-9868-57a2d4851a1d" />
    <TestEntry testId="2b601dc8-b359-6b2c-9510-f5d3a6f41f6e" executionId="e9d46d03-7367-48f4-8548-6fdaaea126de" testListId="8c84fa94-04c1-424b-9868-57a2d4851a1d" />
    <TestEntry testId="87f3b8b1-c12b-7c8c-6bb1-55f3fe9ed937" executionId="2657479a-b2c2-4ff1-af2c-b52b67726da2" testListId="8c84fa94-04c1-424b-9868-57a2d4851a1d" />
    <TestEntry testId="651b38e4-0906-957e-a142-55f881b173d3" executionId="fb0fd641-60dd-4e02-8157-cbb0f3b28b0a" testListId="8c84fa94-04c1-424b-9868-57a2d4851a1d" />
    <TestEntry testId="b64469f4-f509-bc16-7473-6d9c41518282" executionId="882fd3ad-557d-4f79-bc16-4df9880574a5" testListId="8c84fa94-04c1-424b-9868-57a2d4851a1d" />
    <TestEntry testId="740d589c-dfdf-2f7c-9011-4ce23e7c829f" executionId="45ceb5ba-a54a-400d-97b0-e564c2777c94" testListId="8c84fa94-04c1-424b-9868-57a2d4851a1d" />
    <TestEntry testId="9e277b9e-7103-bb68-12d9-9d382a8e63eb" executionId="aae8e158-68c6-4f12-b576-c7e78adaa3de" testListId="8c84fa94-04c1-424b-9868-57a2d4851a1d" />
    <TestEntry testId="9f841c14-b4e3-1a79-ed1b-02034833dca1" executionId="4bdcca5c-0602-4f31-9e05-a76452dfa974" testListId="8c84fa94-04c1-424b-9868-57a2d4851a1d" />
    <TestEntry testId="a18e2191-d0ae-0d31-3c62-8dc6f968ed18" executionId="b2f3fea6-fa36-4601-86ae-cd3c13269557" testListId="8c84fa94-04c1-424b-9868-57a2d4851a1d" />
  </TestEntries>
  <Results>
    <UnitTestResult executionId="d74b09d7-127e-4841-b393-394b462e9425" testId="2fd786c2-9055-0b42-09cb-ae9b92184a5a" testName="Can_apply_domain_events_to_entity" computerName="FKVAIO" duration="00:00:00.0283297" startTime="2010-09-07T12:48:29.3117567+02:00" endTime="2010-09-07T12:48:29.4157626+02:00" testType="13cdc9d9-ddb5-4fa4-a97d-d965ccfc6d4b" outcome="Passed" testListId="8c84fa94-04c1-424b-9868-57a2d4851a1d" relativeResultsDirectory="d74b09d7-127e-4841-b393-394b462e9425">
    </UnitTestResult>
    <UnitTestResult executionId="0383ee1c-b0da-4539-9e08-f9c06fa3573e" testId="7efd8765-fae8-a608-14aa-de5d9f60cb29" testName="Can_create_domain_entity" computerName="FKVAIO" duration="00:00:00.0003242" startTime="2010-09-07T12:48:29.4197629+02:00" endTime="2010-09-07T12:48:29.4227630+02:00" testType="13cdc9d9-ddb5-4fa4-a97d-d965ccfc6d4b" outcome="Passed" testListId="8c84fa94-04c1-424b-9868-57a2d4851a1d" relativeResultsDirectory="0383ee1c-b0da-4539-9e08-f9c06fa3573e">
    </UnitTestResult>
    <UnitTestResult executionId="5fb7a8c3-fd37-4d15-a3cb-60717ae3d822" testId="a2d9bbf9-183f-d3ea-3fd1-830a4c6fd701" testName="Event_handler_invoked_when_applying_domain_event_to_aggregate_root" computerName="FKVAIO" duration="00:00:00.0043421" startTime="2010-09-07T12:48:29.4247631+02:00" endTime="2010-09-07T12:48:29.4297634+02:00" testType="13cdc9d9-ddb5-4fa4-a97d-d965ccfc6d4b" outcome="Passed" testListId="8c84fa94-04c1-424b-9868-57a2d4851a1d" relativeResultsDirectory="5fb7a8c3-fd37-4d15-a3cb-60717ae3d822">
    </UnitTestResult>
    <UnitTestResult executionId="16a784dd-7b1b-4fdf-97a8-d22175f148fe" testId="1461b895-bbc7-b431-c049-57c59f39bac6" testName="Throws_exception_when_applying_unknown_event_on_aggregate_root" computerName="FKVAIO" duration="00:00:00.0083276" startTime="2010-09-07T12:48:29.4387639+02:00" endTime="2010-09-07T12:48:29.4477645+02:00" testType="13cdc9d9-ddb5-4fa4-a97d-d965ccfc6d4b" outcome="Passed" testListId="8c84fa94-04c1-424b-9868-57a2d4851a1d" relativeResultsDirectory="16a784dd-7b1b-4fdf-97a8-d22175f148fe">
    </UnitTestResult>
    <UnitTestResult executionId="2230a7cd-03a5-4db4-83e5-2501f2a6142f" testId="5fee3a36-6c00-f10e-1a22-809f0868a73a" testName="Can_publish_event_when_no_handlers_registered" computerName="FKVAIO" duration="00:00:00.0027587" startTime="2010-09-07T12:48:29.4567650+02:00" endTime="2010-09-07T12:48:29.4607652+02:00" testType="13cdc9d9-ddb5-4fa4-a97d-d965ccfc6d4b" outcome="Passed" testListId="8c84fa94-04c1-424b-9868-57a2d4851a1d" relativeResultsDirectory="2230a7cd-03a5-4db4-83e5-2501f2a6142f">
    </UnitTestResult>
    <UnitTestResult executionId="f5f57440-0b4e-430a-b5e1-67ee17386771" testId="bee24c8e-1f8b-e71b-e4a7-ee4a81c21e2a" testName="Can_publish_multiple_events_when_no_handlers_registered" computerName="FKVAIO" duration="00:00:00.0010457" startTime="2010-09-07T12:48:29.4647654+02:00" endTime="2010-09-07T12:48:29.4657655+02:00" testType="13cdc9d9-ddb5-4fa4-a97d-d965ccfc6d4b" outcome="Passed" testListId="8c84fa94-04c1-424b-9868-57a2d4851a1d" relativeResultsDirectory="f5f57440-0b4e-430a-b5e1-67ee17386771">
    </UnitTestResult>
    <UnitTestResult executionId="f0b4ed30-a725-4552-b61d-46cb3ec8f251" testId="2d2c1847-b97e-3e8a-d46b-e13544e7a3e2" testName="Handler_invoked_when_publishing_event" computerName="FKVAIO" duration="00:00:00.0007792" startTime="2010-09-07T12:48:29.4687657+02:00" endTime="2010-09-07T12:48:29.4717658+02:00" testType="13cdc9d9-ddb5-4fa4-a97d-d965ccfc6d4b" outcome="Passed" testListId="8c84fa94-04c1-424b-9868-57a2d4851a1d" relativeResultsDirectory="f0b4ed30-a725-4552-b61d-46cb3ec8f251">
    </UnitTestResult>
    <UnitTestResult executionId="50263bc2-c608-452c-868c-d4aa1a4b5938" testId="90ee55b2-3f16-256a-2054-184e011d2701" testName="Multiple_handlers_invoked_when_publishing_event" computerName="FKVAIO" duration="00:00:00.0006193" startTime="2010-09-07T12:48:29.4737659+02:00" endTime="2010-09-07T12:48:29.4757661+02:00" testType="13cdc9d9-ddb5-4fa4-a97d-d965ccfc6d4b" outcome="Passed" testListId="8c84fa94-04c1-424b-9868-57a2d4851a1d" relativeResultsDirectory="50263bc2-c608-452c-868c-d4aa1a4b5938">
    </UnitTestResult>
    <UnitTestResult executionId="edfd1adc-313a-4270-a0f4-90ef36e499b7" testId="78485a14-1814-da26-c4f8-10bda52aea57" testName="Other_handlers_not_invoked_when_publishing_event" computerName="FKVAIO" duration="00:00:00.0007189" startTime="2010-09-07T12:48:29.4777662+02:00" endTime="2010-09-07T12:48:29.4807663+02:00" testType="13cdc9d9-ddb5-4fa4-a97d-d965ccfc6d4b" outcome="Passed" testListId="8c84fa94-04c1-424b-9868-57a2d4851a1d" relativeResultsDirectory="edfd1adc-313a-4270-a0f4-90ef36e499b7">
    </UnitTestResult>
    <UnitTestResult executionId="e9d46d03-7367-48f4-8548-6fdaaea126de" testId="2b601dc8-b359-6b2c-9510-f5d3a6f41f6e" testName="Loads_aggregate_From_eventstore_if_not_tracked" computerName="FKVAIO" duration="00:00:00.0028391" startTime="2010-09-07T12:48:29.4817664+02:00" endTime="2010-09-07T12:48:29.4877667+02:00" testType="13cdc9d9-ddb5-4fa4-a97d-d965ccfc6d4b" outcome="Passed" testListId="8c84fa94-04c1-424b-9868-57a2d4851a1d" relativeResultsDirectory="e9d46d03-7367-48f4-8548-6fdaaea126de">
    </UnitTestResult>
    <UnitTestResult executionId="2657479a-b2c2-4ff1-af2c-b52b67726da2" testId="87f3b8b1-c12b-7c8c-6bb1-55f3fe9ed937" testName="Loads_aggregate_from_session_if_tracked" computerName="FKVAIO" duration="00:00:00.0003143" startTime="2010-09-07T12:48:29.4907669+02:00" endTime="2010-09-07T12:48:29.4917670+02:00" testType="13cdc9d9-ddb5-4fa4-a97d-d965ccfc6d4b" outcome="Passed" testListId="8c84fa94-04c1-424b-9868-57a2d4851a1d" relativeResultsDirectory="2657479a-b2c2-4ff1-af2c-b52b67726da2">
    </UnitTestResult>
    <UnitTestResult executionId="fb0fd641-60dd-4e02-8157-cbb0f3b28b0a" testId="651b38e4-0906-957e-a142-55f881b173d3" testName="Can_commit_changes" computerName="FKVAIO" duration="00:00:00.0042968" startTime="2010-09-07T12:48:29.4947671+02:00" endTime="2010-09-07T12:48:29.5007675+02:00" testType="13cdc9d9-ddb5-4fa4-a97d-d965ccfc6d4b" outcome="Passed" testListId="8c84fa94-04c1-424b-9868-57a2d4851a1d" relativeResultsDirectory="fb0fd641-60dd-4e02-8157-cbb0f3b28b0a">
    </UnitTestResult>
    <UnitTestResult executionId="882fd3ad-557d-4f79-bc16-4df9880574a5" testId="b64469f4-f509-bc16-7473-6d9c41518282" testName="Can_get_tracked_aggregate" computerName="FKVAIO" duration="00:00:00.0007690" startTime="2010-09-07T12:48:29.5037677+02:00" endTime="2010-09-07T12:48:29.5057678+02:00" testType="13cdc9d9-ddb5-4fa4-a97d-d965ccfc6d4b" outcome="Passed" testListId="8c84fa94-04c1-424b-9868-57a2d4851a1d" relativeResultsDirectory="882fd3ad-557d-4f79-bc16-4df9880574a5">
    </UnitTestResult>
    <UnitTestResult executionId="45ceb5ba-a54a-400d-97b0-e564c2777c94" testId="740d589c-dfdf-2f7c-9011-4ce23e7c829f" testName="Can_track_aggregate" computerName="FKVAIO" duration="00:00:00.0008738" startTime="2010-09-07T12:48:29.5077679+02:00" endTime="2010-09-07T12:48:29.5097680+02:00" testType="13cdc9d9-ddb5-4fa4-a97d-d965ccfc6d4b" outcome="Passed" testListId="8c84fa94-04c1-424b-9868-57a2d4851a1d" relativeResultsDirectory="45ceb5ba-a54a-400d-97b0-e564c2777c94">
    </UnitTestResult>
    <UnitTestResult executionId="aae8e158-68c6-4f12-b576-c7e78adaa3de" testId="9e277b9e-7103-bb68-12d9-9d382a8e63eb" testName="Events_are_published_to_bus_on_commit" computerName="FKVAIO" duration="00:00:00.0043973" startTime="2010-09-07T12:48:29.5117681+02:00" endTime="2010-09-07T12:48:29.5187685+02:00" testType="13cdc9d9-ddb5-4fa4-a97d-d965ccfc6d4b" outcome="Passed" testListId="8c84fa94-04c1-424b-9868-57a2d4851a1d" relativeResultsDirectory="aae8e158-68c6-4f12-b576-c7e78adaa3de">
    </UnitTestResult>
    <UnitTestResult executionId="4bdcca5c-0602-4f31-9e05-a76452dfa974" testId="9f841c14-b4e3-1a79-ed1b-02034833dca1" testName="Can_load_aggregate_from_xml" computerName="FKVAIO" duration="00:00:01.2163748" startTime="2010-09-07T12:48:29.5207686+02:00" endTime="2010-09-07T12:48:30.7378382+02:00" testType="13cdc9d9-ddb5-4fa4-a97d-d965ccfc6d4b" outcome="Passed" testListId="8c84fa94-04c1-424b-9868-57a2d4851a1d" relativeResultsDirectory="4bdcca5c-0602-4f31-9e05-a76452dfa974">
    </UnitTestResult>
    <UnitTestResult executionId="b2f3fea6-fa36-4601-86ae-cd3c13269557" testId="a18e2191-d0ae-0d31-3c62-8dc6f968ed18" testName="can_write_aggregate_to_xml" computerName="FKVAIO" duration="00:00:00.0023849" startTime="2010-09-07T12:48:30.7418385+02:00" endTime="2010-09-07T12:48:30.7448386+02:00" testType="13cdc9d9-ddb5-4fa4-a97d-d965ccfc6d4b" outcome="Passed" testListId="8c84fa94-04c1-424b-9868-57a2d4851a1d" relativeResultsDirectory="b2f3fea6-fa36-4601-86ae-cd3c13269557">
    </UnitTestResult>
  </Results>
</TestRun>