<?xml version="1.0" encoding="UTF-8"?>
<TestRun id="affac809-9d4a-4560-9feb-0056103edabc" name="Fredrik@FKVAIO 2010-09-07 12:34:59" runUser="FKVaio\Fredrik" xmlns="http://microsoft.com/schemas/VisualStudio/TeamTest/2010">
  <TestSettings name="Local" id="5b82bb5d-938d-47a6-8c5b-afaf40dc0149">
    <Description>These are default test settings for a local test run.</Description>
    <Deployment enabled="false" runDeploymentRoot="Fredrik_FKVAIO 2010-09-07 12_34_59" />
    <Execution>
      <TestTypeSpecific />
      <AgentRule name="Execution Agents">
      </AgentRule>
    </Execution>
  </TestSettings>
  <Times creation="2010-09-07T12:34:59.8094558+02:00" queuing="2010-09-07T12:35:00.2424806+02:00" start="2010-09-07T12:35:00.5384975+02:00" finish="2010-09-07T12:35:01.7575672+02:00" />
  <ResultSummary outcome="Failed">
    <Counters total="17" executed="17" passed="11" error="0" failed="6" timeout="0" aborted="0" inconclusive="0" passedButRunAborted="0" notRunnable="0" notExecuted="0" disconnected="0" warning="0" completed="0" inProgress="0" pending="0" />
  </ResultSummary>
  <TestDefinitions>
    <UnitTest name="Multiple_handlers_invoked_when_publishing_event" storage="c:\source\_projects\nexttask\cqrs.tests\bin\debug\cqrs.tests.dll" id="90ee55b2-3f16-256a-2054-184e011d2701">
      <Execution timeOut="1800000" id="0b406180-fe96-4592-8ea3-289377150ed2" />
      <TestMethod codeBase="C:/Source/_Projects/NextTask/Cqrs.Tests/bin/Debug/Cqrs.Tests.DLL" adapterTypeName="Microsoft.VisualStudio.TestTools.TestTypes.Unit.UnitTestAdapter, Microsoft.VisualStudio.QualityTools.Tips.UnitTest.Adapter, Version=10.0.0.0, Culture=neutral, PublicKeyToken=b03f5f7f11d50a3a" className="Cqrs.Tests.DefaultBusTests, Cqrs.Tests, Version=1.0.0.0, Culture=neutral, PublicKeyToken=null" name="Multiple_handlers_invoked_when_publishing_event" />
    </UnitTest>
    <UnitTest name="Can_get_tracked_aggregate" storage="c:\source\_projects\nexttask\cqrs.tests\bin\debug\cqrs.tests.dll" id="b64469f4-f509-bc16-7473-6d9c41518282">
      <Execution timeOut="1800000" id="dc9fdd32-de26-4bd5-8d6f-0a12cc0f486a" />
      <TestMethod codeBase="C:/Source/_Projects/NextTask/Cqrs.Tests/bin/Debug/Cqrs.Tests.DLL" adapterTypeName="Microsoft.VisualStudio.TestTools.TestTypes.Unit.UnitTestAdapter, Microsoft.VisualStudio.QualityTools.Tips.UnitTest.Adapter, Version=10.0.0.0, Culture=neutral, PublicKeyToken=b03f5f7f11d50a3a" className="Cqrs.Tests.SessionTests, Cqrs.Tests, Version=1.0.0.0, Culture=neutral, PublicKeyToken=null" name="Can_get_tracked_aggregate" />
    </UnitTest>
    <UnitTest name="Events_are_published_to_bus_on_commit" storage="c:\source\_projects\nexttask\cqrs.tests\bin\debug\cqrs.tests.dll" id="9e277b9e-7103-bb68-12d9-9d382a8e63eb">
      <Execution timeOut="1800000" id="4d61df3c-3476-4c4c-b036-39a3065f911f" />
      <TestMethod codeBase="C:/Source/_Projects/NextTask/Cqrs.Tests/bin/Debug/Cqrs.Tests.DLL" adapterTypeName="Microsoft.VisualStudio.TestTools.TestTypes.Unit.UnitTestAdapter, Microsoft.VisualStudio.QualityTools.Tips.UnitTest.Adapter, Version=10.0.0.0, Culture=neutral, PublicKeyToken=b03f5f7f11d50a3a" className="Cqrs.Tests.SessionTests, Cqrs.Tests, Version=1.0.0.0, Culture=neutral, PublicKeyToken=null" name="Events_are_published_to_bus_on_commit" />
    </UnitTest>
    <UnitTest name="Handler_invoked_when_publishing_event" storage="c:\source\_projects\nexttask\cqrs.tests\bin\debug\cqrs.tests.dll" id="2d2c1847-b97e-3e8a-d46b-e13544e7a3e2">
      <Execution timeOut="1800000" id="7d6d2a1c-475c-48cc-ad9e-4b415e504c3c" />
      <TestMethod codeBase="C:/Source/_Projects/NextTask/Cqrs.Tests/bin/Debug/Cqrs.Tests.DLL" adapterTypeName="Microsoft.VisualStudio.TestTools.TestTypes.Unit.UnitTestAdapter, Microsoft.VisualStudio.QualityTools.Tips.UnitTest.Adapter, Version=10.0.0.0, Culture=neutral, PublicKeyToken=b03f5f7f11d50a3a" className="Cqrs.Tests.DefaultBusTests, Cqrs.Tests, Version=1.0.0.0, Culture=neutral, PublicKeyToken=null" name="Handler_invoked_when_publishing_event" />
    </UnitTest>
    <UnitTest name="Can_track_aggregate" storage="c:\source\_projects\nexttask\cqrs.tests\bin\debug\cqrs.tests.dll" id="740d589c-dfdf-2f7c-9011-4ce23e7c829f">
      <Execution timeOut="1800000" id="4972552e-4f2c-44b2-9393-d19d7f29ebdb" />
      <TestMethod codeBase="C:/Source/_Projects/NextTask/Cqrs.Tests/bin/Debug/Cqrs.Tests.DLL" adapterTypeName="Microsoft.VisualStudio.TestTools.TestTypes.Unit.UnitTestAdapter, Microsoft.VisualStudio.QualityTools.Tips.UnitTest.Adapter, Version=10.0.0.0, Culture=neutral, PublicKeyToken=b03f5f7f11d50a3a" className="Cqrs.Tests.SessionTests, Cqrs.Tests, Version=1.0.0.0, Culture=neutral, PublicKeyToken=null" name="Can_track_aggregate" />
    </UnitTest>
    <UnitTest name="Can_apply_domain_events_to_entity" storage="c:\source\_projects\nexttask\cqrs.tests\bin\debug\cqrs.tests.dll" id="2fd786c2-9055-0b42-09cb-ae9b92184a5a">
      <Execution timeOut="1800000" id="a30659e3-cb33-49e8-84d8-1834f75793a7" />
      <TestMethod codeBase="C:/Source/_Projects/NextTask/Cqrs.Tests/bin/Debug/Cqrs.Tests.DLL" adapterTypeName="Microsoft.VisualStudio.TestTools.TestTypes.Unit.UnitTestAdapter, Microsoft.VisualStudio.QualityTools.Tips.UnitTest.Adapter, Version=10.0.0.0, Culture=neutral, PublicKeyToken=b03f5f7f11d50a3a" className="Cqrs.Tests.AggregateRootTests, Cqrs.Tests, Version=1.0.0.0, Culture=neutral, PublicKeyToken=null" name="Can_apply_domain_events_to_entity" />
    </UnitTest>
    <UnitTest name="Can_create_domain_entity" storage="c:\source\_projects\nexttask\cqrs.tests\bin\debug\cqrs.tests.dll" id="7efd8765-fae8-a608-14aa-de5d9f60cb29">
      <Execution timeOut="1800000" id="7b3eb0c3-9a6f-4d84-9abb-2ef7946ce6eb" />
      <TestMethod codeBase="C:/Source/_Projects/NextTask/Cqrs.Tests/bin/Debug/Cqrs.Tests.DLL" adapterTypeName="Microsoft.VisualStudio.TestTools.TestTypes.Unit.UnitTestAdapter, Microsoft.VisualStudio.QualityTools.Tips.UnitTest.Adapter, Version=10.0.0.0, Culture=neutral, PublicKeyToken=b03f5f7f11d50a3a" className="Cqrs.Tests.AggregateRootTests, Cqrs.Tests, Version=1.0.0.0, Culture=neutral, PublicKeyToken=null" name="Can_create_domain_entity" />
    </UnitTest>
    <UnitTest name="Throws_exception_when_applying_unknown_event_on_aggregate_root" storage="c:\source\_projects\nexttask\cqrs.tests\bin\debug\cqrs.tests.dll" id="1461b895-bbc7-b431-c049-57c59f39bac6">
      <Execution timeOut="1800000" id="64c9a329-667f-4dbb-9c83-5082918f59b1" />
      <TestMethod codeBase="C:/Source/_Projects/NextTask/Cqrs.Tests/bin/Debug/Cqrs.Tests.DLL" adapterTypeName="Microsoft.VisualStudio.TestTools.TestTypes.Unit.UnitTestAdapter, Microsoft.VisualStudio.QualityTools.Tips.UnitTest.Adapter, Version=10.0.0.0, Culture=neutral, PublicKeyToken=b03f5f7f11d50a3a" className="Cqrs.Tests.AggregateRootTests, Cqrs.Tests, Version=1.0.0.0, Culture=neutral, PublicKeyToken=null" name="Throws_exception_when_applying_unknown_event_on_aggregate_root" />
    </UnitTest>
    <UnitTest name="Event_handler_invoked_when_applying_domain_event_to_aggregate_root" storage="c:\source\_projects\nexttask\cqrs.tests\bin\debug\cqrs.tests.dll" id="a2d9bbf9-183f-d3ea-3fd1-830a4c6fd701">
      <Execution timeOut="1800000" id="9b043075-41f7-46fc-b657-22cf4aa1c0ef" />
      <TestMethod codeBase="C:/Source/_Projects/NextTask/Cqrs.Tests/bin/Debug/Cqrs.Tests.DLL" adapterTypeName="Microsoft.VisualStudio.TestTools.TestTypes.Unit.UnitTestAdapter, Microsoft.VisualStudio.QualityTools.Tips.UnitTest.Adapter, Version=10.0.0.0, Culture=neutral, PublicKeyToken=b03f5f7f11d50a3a" className="Cqrs.Tests.AggregateRootTests, Cqrs.Tests, Version=1.0.0.0, Culture=neutral, PublicKeyToken=null" name="Event_handler_invoked_when_applying_domain_event_to_aggregate_root" />
    </UnitTest>
    <UnitTest name="Can_commit_changes" storage="c:\source\_projects\nexttask\cqrs.tests\bin\debug\cqrs.tests.dll" id="651b38e4-0906-957e-a142-55f881b173d3">
      <Execution timeOut="1800000" id="2fce8b42-38f4-4315-9f40-0147533093c5" />
      <TestMethod codeBase="C:/Source/_Projects/NextTask/Cqrs.Tests/bin/Debug/Cqrs.Tests.DLL" adapterTypeName="Microsoft.VisualStudio.TestTools.TestTypes.Unit.UnitTestAdapter, Microsoft.VisualStudio.QualityTools.Tips.UnitTest.Adapter, Version=10.0.0.0, Culture=neutral, PublicKeyToken=b03f5f7f11d50a3a" className="Cqrs.Tests.SessionTests, Cqrs.Tests, Version=1.0.0.0, Culture=neutral, PublicKeyToken=null" name="Can_commit_changes" />
    </UnitTest>
    <UnitTest name="can_write_aggregate_to_xml" storage="c:\source\_projects\nexttask\cqrs.tests\bin\debug\cqrs.tests.dll" id="a18e2191-d0ae-0d31-3c62-8dc6f968ed18">
      <Execution timeOut="1800000" id="904440ae-9566-40e0-ab4b-6d6a708d96c5" />
      <TestMethod codeBase="C:/Source/_Projects/NextTask/Cqrs.Tests/bin/Debug/Cqrs.Tests.DLL" adapterTypeName="Microsoft.VisualStudio.TestTools.TestTypes.Unit.UnitTestAdapter, Microsoft.VisualStudio.QualityTools.Tips.UnitTest.Adapter, Version=10.0.0.0, Culture=neutral, PublicKeyToken=b03f5f7f11d50a3a" className="Cqrs.Tests.XmlEventStorageTests, Cqrs.Tests, Version=1.0.0.0, Culture=neutral, PublicKeyToken=null" name="can_write_aggregate_to_xml" />
    </UnitTest>
    <UnitTest name="Can_publish_event_when_no_handlers_registered" storage="c:\source\_projects\nexttask\cqrs.tests\bin\debug\cqrs.tests.dll" id="5fee3a36-6c00-f10e-1a22-809f0868a73a">
      <Execution timeOut="1800000" id="d12b4b41-ecfa-419b-872e-5e73130296c7" />
      <TestMethod codeBase="C:/Source/_Projects/NextTask/Cqrs.Tests/bin/Debug/Cqrs.Tests.DLL" adapterTypeName="Microsoft.VisualStudio.TestTools.TestTypes.Unit.UnitTestAdapter, Microsoft.VisualStudio.QualityTools.Tips.UnitTest.Adapter, Version=10.0.0.0, Culture=neutral, PublicKeyToken=b03f5f7f11d50a3a" className="Cqrs.Tests.DefaultBusTests, Cqrs.Tests, Version=1.0.0.0, Culture=neutral, PublicKeyToken=null" name="Can_publish_event_when_no_handlers_registered" />
    </UnitTest>
    <UnitTest name="Can_publish_multiple_events_when_no_handlers_registered" storage="c:\source\_projects\nexttask\cqrs.tests\bin\debug\cqrs.tests.dll" id="bee24c8e-1f8b-e71b-e4a7-ee4a81c21e2a">
      <Execution timeOut="1800000" id="e4b7b5ba-a569-4d00-96ce-4cb7d865ec0c" />
      <TestMethod codeBase="C:/Source/_Projects/NextTask/Cqrs.Tests/bin/Debug/Cqrs.Tests.DLL" adapterTypeName="Microsoft.VisualStudio.TestTools.TestTypes.Unit.UnitTestAdapter, Microsoft.VisualStudio.QualityTools.Tips.UnitTest.Adapter, Version=10.0.0.0, Culture=neutral, PublicKeyToken=b03f5f7f11d50a3a" className="Cqrs.Tests.DefaultBusTests, Cqrs.Tests, Version=1.0.0.0, Culture=neutral, PublicKeyToken=null" name="Can_publish_multiple_events_when_no_handlers_registered" />
    </UnitTest>
    <UnitTest name="Can_load_aggregate_from_xml" storage="c:\source\_projects\nexttask\cqrs.tests\bin\debug\cqrs.tests.dll" id="9f841c14-b4e3-1a79-ed1b-02034833dca1">
      <Execution timeOut="1800000" id="2e9dc01a-90a1-41f4-bf8c-36843710f36a" />
      <TestMethod codeBase="C:/Source/_Projects/NextTask/Cqrs.Tests/bin/Debug/Cqrs.Tests.DLL" adapterTypeName="Microsoft.VisualStudio.TestTools.TestTypes.Unit.UnitTestAdapter, Microsoft.VisualStudio.QualityTools.Tips.UnitTest.Adapter, Version=10.0.0.0, Culture=neutral, PublicKeyToken=b03f5f7f11d50a3a" className="Cqrs.Tests.XmlEventStorageTests, Cqrs.Tests, Version=1.0.0.0, Culture=neutral, PublicKeyToken=null" name="Can_load_aggregate_from_xml" />
    </UnitTest>
    <UnitTest name="Loads_aggregate_From_eventstore_if_not_tracked" storage="c:\source\_projects\nexttask\cqrs.tests\bin\debug\cqrs.tests.dll" id="2b601dc8-b359-6b2c-9510-f5d3a6f41f6e">
      <Execution timeOut="1800000" id="5da99328-93ca-4df1-8f34-4b8fb60bbb6a" />
      <TestMethod codeBase="C:/Source/_Projects/NextTask/Cqrs.Tests/bin/Debug/Cqrs.Tests.DLL" adapterTypeName="Microsoft.VisualStudio.TestTools.TestTypes.Unit.UnitTestAdapter, Microsoft.VisualStudio.QualityTools.Tips.UnitTest.Adapter, Version=10.0.0.0, Culture=neutral, PublicKeyToken=b03f5f7f11d50a3a" className="Cqrs.Tests.RepositoryTests, Cqrs.Tests, Version=1.0.0.0, Culture=neutral, PublicKeyToken=null" name="Loads_aggregate_From_eventstore_if_not_tracked" />
    </UnitTest>
    <UnitTest name="Loads_aggregate_from_session_if_tracked" storage="c:\source\_projects\nexttask\cqrs.tests\bin\debug\cqrs.tests.dll" id="87f3b8b1-c12b-7c8c-6bb1-55f3fe9ed937">
      <Execution timeOut="1800000" id="2e93924d-72ae-43fe-b82b-8461cb0284c4" />
      <TestMethod codeBase="C:/Source/_Projects/NextTask/Cqrs.Tests/bin/Debug/Cqrs.Tests.DLL" adapterTypeName="Microsoft.VisualStudio.TestTools.TestTypes.Unit.UnitTestAdapter, Microsoft.VisualStudio.QualityTools.Tips.UnitTest.Adapter, Version=10.0.0.0, Culture=neutral, PublicKeyToken=b03f5f7f11d50a3a" className="Cqrs.Tests.RepositoryTests, Cqrs.Tests, Version=1.0.0.0, Culture=neutral, PublicKeyToken=null" name="Loads_aggregate_from_session_if_tracked" />
    </UnitTest>
    <UnitTest name="Other_handlers_not_invoked_when_publishing_event" storage="c:\source\_projects\nexttask\cqrs.tests\bin\debug\cqrs.tests.dll" id="78485a14-1814-da26-c4f8-10bda52aea57">
      <Execution timeOut="1800000" id="755c8c5d-12c4-4ea8-ac3b-e9070997a3a4" />
      <TestMethod codeBase="C:/Source/_Projects/NextTask/Cqrs.Tests/bin/Debug/Cqrs.Tests.DLL" adapterTypeName="Microsoft.VisualStudio.TestTools.TestTypes.Unit.UnitTestAdapter, Microsoft.VisualStudio.QualityTools.Tips.UnitTest.Adapter, Version=10.0.0.0, Culture=neutral, PublicKeyToken=b03f5f7f11d50a3a" className="Cqrs.Tests.DefaultBusTests, Cqrs.Tests, Version=1.0.0.0, Culture=neutral, PublicKeyToken=null" name="Other_handlers_not_invoked_when_publishing_event" />
    </UnitTest>
  </TestDefinitions>
  <TestLists>
    <TestList name="Results Not in a List" id="8c84fa94-04c1-424b-9868-57a2d4851a1d" />
    <TestList name="All Loaded Results" id="19431567-8539-422a-85d7-44ee4e166bda" />
  </TestLists>
  <TestEntries>
    <TestEntry testId="2fd786c2-9055-0b42-09cb-ae9b92184a5a" executionId="a30659e3-cb33-49e8-84d8-1834f75793a7" testListId="8c84fa94-04c1-424b-9868-57a2d4851a1d" />
    <TestEntry testId="7efd8765-fae8-a608-14aa-de5d9f60cb29" executionId="7b3eb0c3-9a6f-4d84-9abb-2ef7946ce6eb" testListId="8c84fa94-04c1-424b-9868-57a2d4851a1d" />
    <TestEntry testId="a2d9bbf9-183f-d3ea-3fd1-830a4c6fd701" executionId="9b043075-41f7-46fc-b657-22cf4aa1c0ef" testListId="8c84fa94-04c1-424b-9868-57a2d4851a1d" />
    <TestEntry testId="1461b895-bbc7-b431-c049-57c59f39bac6" executionId="64c9a329-667f-4dbb-9c83-5082918f59b1" testListId="8c84fa94-04c1-424b-9868-57a2d4851a1d" />
    <TestEntry testId="5fee3a36-6c00-f10e-1a22-809f0868a73a" executionId="d12b4b41-ecfa-419b-872e-5e73130296c7" testListId="8c84fa94-04c1-424b-9868-57a2d4851a1d" />
    <TestEntry testId="bee24c8e-1f8b-e71b-e4a7-ee4a81c21e2a" executionId="e4b7b5ba-a569-4d00-96ce-4cb7d865ec0c" testListId="8c84fa94-04c1-424b-9868-57a2d4851a1d" />
    <TestEntry testId="2d2c1847-b97e-3e8a-d46b-e13544e7a3e2" executionId="7d6d2a1c-475c-48cc-ad9e-4b415e504c3c" testListId="8c84fa94-04c1-424b-9868-57a2d4851a1d" />
    <TestEntry testId="90ee55b2-3f16-256a-2054-184e011d2701" executionId="0b406180-fe96-4592-8ea3-289377150ed2" testListId="8c84fa94-04c1-424b-9868-57a2d4851a1d" />
    <TestEntry testId="78485a14-1814-da26-c4f8-10bda52aea57" executionId="755c8c5d-12c4-4ea8-ac3b-e9070997a3a4" testListId="8c84fa94-04c1-424b-9868-57a2d4851a1d" />
    <TestEntry testId="2b601dc8-b359-6b2c-9510-f5d3a6f41f6e" executionId="5da99328-93ca-4df1-8f34-4b8fb60bbb6a" testListId="8c84fa94-04c1-424b-9868-57a2d4851a1d" />
    <TestEntry testId="87f3b8b1-c12b-7c8c-6bb1-55f3fe9ed937" executionId="2e93924d-72ae-43fe-b82b-8461cb0284c4" testListId="8c84fa94-04c1-424b-9868-57a2d4851a1d" />
    <TestEntry testId="651b38e4-0906-957e-a142-55f881b173d3" executionId="2fce8b42-38f4-4315-9f40-0147533093c5" testListId="8c84fa94-04c1-424b-9868-57a2d4851a1d" />
    <TestEntry testId="b64469f4-f509-bc16-7473-6d9c41518282" executionId="dc9fdd32-de26-4bd5-8d6f-0a12cc0f486a" testListId="8c84fa94-04c1-424b-9868-57a2d4851a1d" />
    <TestEntry testId="740d589c-dfdf-2f7c-9011-4ce23e7c829f" executionId="4972552e-4f2c-44b2-9393-d19d7f29ebdb" testListId="8c84fa94-04c1-424b-9868-57a2d4851a1d" />
    <TestEntry testId="9e277b9e-7103-bb68-12d9-9d382a8e63eb" executionId="4d61df3c-3476-4c4c-b036-39a3065f911f" testListId="8c84fa94-04c1-424b-9868-57a2d4851a1d" />
    <TestEntry testId="9f841c14-b4e3-1a79-ed1b-02034833dca1" executionId="2e9dc01a-90a1-41f4-bf8c-36843710f36a" testListId="8c84fa94-04c1-424b-9868-57a2d4851a1d" />
    <TestEntry testId="a18e2191-d0ae-0d31-3c62-8dc6f968ed18" executionId="904440ae-9566-40e0-ab4b-6d6a708d96c5" testListId="8c84fa94-04c1-424b-9868-57a2d4851a1d" />
  </TestEntries>
  <Results>
    <UnitTestResult executionId="a30659e3-cb33-49e8-84d8-1834f75793a7" testId="2fd786c2-9055-0b42-09cb-ae9b92184a5a" testName="Can_apply_domain_events_to_entity" computerName="FKVAIO" duration="00:00:00.0758948" startTime="2010-09-07T12:35:00.6165020+02:00" endTime="2010-09-07T12:35:00.7665105+02:00" testType="13cdc9d9-ddb5-4fa4-a97d-d965ccfc6d4b" outcome="Failed" testListId="8c84fa94-04c1-424b-9868-57a2d4851a1d" relativeResultsDirectory="a30659e3-cb33-49e8-84d8-1834f75793a7">
      <Output>
        <ErrorInfo>
          <Message>Test method Cqrs.Tests.AggregateRootTests.Can_apply_domain_events_to_entity threw exception: 
Cqrs.UnknownDomainEventException: Aggregate root has no known handler for Cqrs.Tests.SomeDomainEvent</Message>
          <StackTrace>    at Cqrs.AggregateRoot.HandleEvent[TEvent](TEvent event) in C:\Source\_Projects\NextTask\Cqrs\AggregateRoot.cs:line 49
   at Cqrs.AggregateRoot.Apply[TEvent](TEvent event, Boolean isNew) in C:\Source\_Projects\NextTask\Cqrs\AggregateRoot.cs:line 38
   at Cqrs.AggregateRoot.Apply[TEvent](TEvent event) in C:\Source\_Projects\NextTask\Cqrs\AggregateRoot.cs:line 33
   at Cqrs.Tests.SomeDomainEntityWithEvents.Apply(IDomainEvent ev) in C:\Source\_Projects\NextTask\Cqrs.Tests\TestClasses\SomeDomainEntityWithEvents.cs:line 15
   at Cqrs.Tests.AggregateRootTests.Can_apply_domain_events_to_entity() in C:\Source\_Projects\NextTask\Cqrs.Tests\AggregateRootTests.cs:line 37
</StackTrace>
        </ErrorInfo>
      </Output>
    </UnitTestResult>
    <UnitTestResult executionId="7b3eb0c3-9a6f-4d84-9abb-2ef7946ce6eb" testId="7efd8765-fae8-a608-14aa-de5d9f60cb29" testName="Can_create_domain_entity" computerName="FKVAIO" duration="00:00:00.0011933" startTime="2010-09-07T12:35:00.7695107+02:00" endTime="2010-09-07T12:35:00.7785112+02:00" testType="13cdc9d9-ddb5-4fa4-a97d-d965ccfc6d4b" outcome="Passed" testListId="8c84fa94-04c1-424b-9868-57a2d4851a1d" relativeResultsDirectory="7b3eb0c3-9a6f-4d84-9abb-2ef7946ce6eb">
    </UnitTestResult>
    <UnitTestResult executionId="9b043075-41f7-46fc-b657-22cf4aa1c0ef" testId="a2d9bbf9-183f-d3ea-3fd1-830a4c6fd701" testName="Event_handler_invoked_when_applying_domain_event_to_aggregate_root" computerName="FKVAIO" duration="00:00:00.0018994" startTime="2010-09-07T12:35:00.7835115+02:00" endTime="2010-09-07T12:35:00.7935121+02:00" testType="13cdc9d9-ddb5-4fa4-a97d-d965ccfc6d4b" outcome="Failed" testListId="8c84fa94-04c1-424b-9868-57a2d4851a1d" relativeResultsDirectory="9b043075-41f7-46fc-b657-22cf4aa1c0ef">
      <Output>
        <ErrorInfo>
          <Message>Test method Cqrs.Tests.AggregateRootTests.Event_handler_invoked_when_applying_domain_event_to_aggregate_root threw exception: 
Cqrs.UnknownDomainEventException: Aggregate root has no known handler for Cqrs.Tests.SomeDomainEvent</Message>
          <StackTrace>    at Cqrs.AggregateRoot.HandleEvent[TEvent](TEvent event) in C:\Source\_Projects\NextTask\Cqrs\AggregateRoot.cs:line 49
   at Cqrs.AggregateRoot.Apply[TEvent](TEvent event, Boolean isNew) in C:\Source\_Projects\NextTask\Cqrs\AggregateRoot.cs:line 38
   at Cqrs.AggregateRoot.Apply[TEvent](TEvent event) in C:\Source\_Projects\NextTask\Cqrs\AggregateRoot.cs:line 33
   at Cqrs.Tests.SomeDomainEntityWithEvents.Apply(IDomainEvent ev) in C:\Source\_Projects\NextTask\Cqrs.Tests\TestClasses\SomeDomainEntityWithEvents.cs:line 15
   at Cqrs.Tests.AggregateRootTests.Event_handler_invoked_when_applying_domain_event_to_aggregate_root() in C:\Source\_Projects\NextTask\Cqrs.Tests\AggregateRootTests.cs:line 53
</StackTrace>
        </ErrorInfo>
      </Output>
    </UnitTestResult>
    <UnitTestResult executionId="64c9a329-667f-4dbb-9c83-5082918f59b1" testId="1461b895-bbc7-b431-c049-57c59f39bac6" testName="Throws_exception_when_applying_unknown_event_on_aggregate_root" computerName="FKVAIO" duration="00:00:00.0019905" startTime="2010-09-07T12:35:00.7965122+02:00" endTime="2010-09-07T12:35:00.8055128+02:00" testType="13cdc9d9-ddb5-4fa4-a97d-d965ccfc6d4b" outcome="Passed" testListId="8c84fa94-04c1-424b-9868-57a2d4851a1d" relativeResultsDirectory="64c9a329-667f-4dbb-9c83-5082918f59b1">
    </UnitTestResult>
    <UnitTestResult executionId="d12b4b41-ecfa-419b-872e-5e73130296c7" testId="5fee3a36-6c00-f10e-1a22-809f0868a73a" testName="Can_publish_event_when_no_handlers_registered" computerName="FKVAIO" duration="00:00:00.0014632" startTime="2010-09-07T12:35:00.8085129+02:00" endTime="2010-09-07T12:35:00.8305142+02:00" testType="13cdc9d9-ddb5-4fa4-a97d-d965ccfc6d4b" outcome="Passed" testListId="8c84fa94-04c1-424b-9868-57a2d4851a1d" relativeResultsDirectory="d12b4b41-ecfa-419b-872e-5e73130296c7">
    </UnitTestResult>
    <UnitTestResult executionId="e4b7b5ba-a569-4d00-96ce-4cb7d865ec0c" testId="bee24c8e-1f8b-e71b-e4a7-ee4a81c21e2a" testName="Can_publish_multiple_events_when_no_handlers_registered" computerName="FKVAIO" duration="00:00:00.0013383" startTime="2010-09-07T12:35:00.8325143+02:00" endTime="2010-09-07T12:35:00.8355145+02:00" testType="13cdc9d9-ddb5-4fa4-a97d-d965ccfc6d4b" outcome="Passed" testListId="8c84fa94-04c1-424b-9868-57a2d4851a1d" relativeResultsDirectory="e4b7b5ba-a569-4d00-96ce-4cb7d865ec0c">
    </UnitTestResult>
    <UnitTestResult executionId="7d6d2a1c-475c-48cc-ad9e-4b415e504c3c" testId="2d2c1847-b97e-3e8a-d46b-e13544e7a3e2" testName="Handler_invoked_when_publishing_event" computerName="FKVAIO" duration="00:00:00.0015581" startTime="2010-09-07T12:35:00.8375146+02:00" endTime="2010-09-07T12:35:00.8405148+02:00" testType="13cdc9d9-ddb5-4fa4-a97d-d965ccfc6d4b" outcome="Passed" testListId="8c84fa94-04c1-424b-9868-57a2d4851a1d" relativeResultsDirectory="7d6d2a1c-475c-48cc-ad9e-4b415e504c3c">
    </UnitTestResult>
    <UnitTestResult executionId="0b406180-fe96-4592-8ea3-289377150ed2" testId="90ee55b2-3f16-256a-2054-184e011d2701" testName="Multiple_handlers_invoked_when_publishing_event" computerName="FKVAIO" duration="00:00:00.0007181" startTime="2010-09-07T12:35:00.8425149+02:00" endTime="2010-09-07T12:35:00.8445150+02:00" testType="13cdc9d9-ddb5-4fa4-a97d-d965ccfc6d4b" outcome="Passed" testListId="8c84fa94-04c1-424b-9868-57a2d4851a1d" relativeResultsDirectory="0b406180-fe96-4592-8ea3-289377150ed2">
    </UnitTestResult>
    <UnitTestResult executionId="755c8c5d-12c4-4ea8-ac3b-e9070997a3a4" testId="78485a14-1814-da26-c4f8-10bda52aea57" testName="Other_handlers_not_invoked_when_publishing_event" computerName="FKVAIO" duration="00:00:00.0006689" startTime="2010-09-07T12:35:00.8465151+02:00" endTime="2010-09-07T12:35:00.8475152+02:00" testType="13cdc9d9-ddb5-4fa4-a97d-d965ccfc6d4b" outcome="Passed" testListId="8c84fa94-04c1-424b-9868-57a2d4851a1d" relativeResultsDirectory="755c8c5d-12c4-4ea8-ac3b-e9070997a3a4">
    </UnitTestResult>
    <UnitTestResult executionId="5da99328-93ca-4df1-8f34-4b8fb60bbb6a" testId="2b601dc8-b359-6b2c-9510-f5d3a6f41f6e" testName="Loads_aggregate_From_eventstore_if_not_tracked" computerName="FKVAIO" duration="00:00:00.0032882" startTime="2010-09-07T12:35:00.8485152+02:00" endTime="2010-09-07T12:35:00.8525155+02:00" testType="13cdc9d9-ddb5-4fa4-a97d-d965ccfc6d4b" outcome="Passed" testListId="8c84fa94-04c1-424b-9868-57a2d4851a1d" relativeResultsDirectory="5da99328-93ca-4df1-8f34-4b8fb60bbb6a">
    </UnitTestResult>
    <UnitTestResult executionId="2e93924d-72ae-43fe-b82b-8461cb0284c4" testId="87f3b8b1-c12b-7c8c-6bb1-55f3fe9ed937" testName="Loads_aggregate_from_session_if_tracked" computerName="FKVAIO" duration="00:00:00.0004533" startTime="2010-09-07T12:35:00.8575157+02:00" endTime="2010-09-07T12:35:00.8605159+02:00" testType="13cdc9d9-ddb5-4fa4-a97d-d965ccfc6d4b" outcome="Passed" testListId="8c84fa94-04c1-424b-9868-57a2d4851a1d" relativeResultsDirectory="2e93924d-72ae-43fe-b82b-8461cb0284c4">
    </UnitTestResult>
    <UnitTestResult executionId="2fce8b42-38f4-4315-9f40-0147533093c5" testId="651b38e4-0906-957e-a142-55f881b173d3" testName="Can_commit_changes" computerName="FKVAIO" duration="00:00:00.0015166" startTime="2010-09-07T12:35:00.8635161+02:00" endTime="2010-09-07T12:35:00.8675163+02:00" testType="13cdc9d9-ddb5-4fa4-a97d-d965ccfc6d4b" outcome="Failed" testListId="8c84fa94-04c1-424b-9868-57a2d4851a1d" relativeResultsDirectory="2fce8b42-38f4-4315-9f40-0147533093c5">
      <Output>
        <ErrorInfo>
          <Message>Test method Cqrs.Tests.SessionTests.Can_commit_changes threw exception: 
Cqrs.UnknownDomainEventException: Aggregate root has no known handler for Cqrs.Tests.SomeDomainEvent</Message>
          <StackTrace>    at Cqrs.AggregateRoot.HandleEvent[TEvent](TEvent event) in C:\Source\_Projects\NextTask\Cqrs\AggregateRoot.cs:line 49
   at Cqrs.AggregateRoot.Apply[TEvent](TEvent event, Boolean isNew) in C:\Source\_Projects\NextTask\Cqrs\AggregateRoot.cs:line 38
   at Cqrs.AggregateRoot.Apply[TEvent](TEvent event) in C:\Source\_Projects\NextTask\Cqrs\AggregateRoot.cs:line 33
   at Cqrs.Tests.SomeDomainEntityWithEvents.Apply(IDomainEvent ev) in C:\Source\_Projects\NextTask\Cqrs.Tests\TestClasses\SomeDomainEntityWithEvents.cs:line 15
   at Cqrs.Tests.SessionTests.Can_commit_changes() in C:\Source\_Projects\NextTask\Cqrs.Tests\SessionTests.cs:line 40
</StackTrace>
        </ErrorInfo>
      </Output>
    </UnitTestResult>
    <UnitTestResult executionId="dc9fdd32-de26-4bd5-8d6f-0a12cc0f486a" testId="b64469f4-f509-bc16-7473-6d9c41518282" testName="Can_get_tracked_aggregate" computerName="FKVAIO" duration="00:00:00.0002951" startTime="2010-09-07T12:35:00.8695164+02:00" endTime="2010-09-07T12:35:00.8705165+02:00" testType="13cdc9d9-ddb5-4fa4-a97d-d965ccfc6d4b" outcome="Passed" testListId="8c84fa94-04c1-424b-9868-57a2d4851a1d" relativeResultsDirectory="dc9fdd32-de26-4bd5-8d6f-0a12cc0f486a">
    </UnitTestResult>
    <UnitTestResult executionId="4972552e-4f2c-44b2-9393-d19d7f29ebdb" testId="740d589c-dfdf-2f7c-9011-4ce23e7c829f" testName="Can_track_aggregate" computerName="FKVAIO" duration="00:00:00.0004781" startTime="2010-09-07T12:35:00.8735167+02:00" endTime="2010-09-07T12:35:00.8755168+02:00" testType="13cdc9d9-ddb5-4fa4-a97d-d965ccfc6d4b" outcome="Passed" testListId="8c84fa94-04c1-424b-9868-57a2d4851a1d" relativeResultsDirectory="4972552e-4f2c-44b2-9393-d19d7f29ebdb">
    </UnitTestResult>
    <UnitTestResult executionId="4d61df3c-3476-4c4c-b036-39a3065f911f" testId="9e277b9e-7103-bb68-12d9-9d382a8e63eb" testName="Events_are_published_to_bus_on_commit" computerName="FKVAIO" duration="00:00:00.0015680" startTime="2010-09-07T12:35:00.8765168+02:00" endTime="2010-09-07T12:35:00.8795170+02:00" testType="13cdc9d9-ddb5-4fa4-a97d-d965ccfc6d4b" outcome="Failed" testListId="8c84fa94-04c1-424b-9868-57a2d4851a1d" relativeResultsDirectory="4d61df3c-3476-4c4c-b036-39a3065f911f">
      <Output>
        <ErrorInfo>
          <Message>Test method Cqrs.Tests.SessionTests.Events_are_published_to_bus_on_commit threw exception: 
Cqrs.UnknownDomainEventException: Aggregate root has no known handler for Cqrs.Tests.SomeDomainEvent</Message>
          <StackTrace>    at Cqrs.AggregateRoot.HandleEvent[TEvent](TEvent event) in C:\Source\_Projects\NextTask\Cqrs\AggregateRoot.cs:line 49
   at Cqrs.AggregateRoot.Apply[TEvent](TEvent event, Boolean isNew) in C:\Source\_Projects\NextTask\Cqrs\AggregateRoot.cs:line 38
   at Cqrs.AggregateRoot.Apply[TEvent](TEvent event) in C:\Source\_Projects\NextTask\Cqrs\AggregateRoot.cs:line 33
   at Cqrs.Tests.SomeDomainEntityWithEvents.Apply(IDomainEvent ev) in C:\Source\_Projects\NextTask\Cqrs.Tests\TestClasses\SomeDomainEntityWithEvents.cs:line 15
   at Cqrs.Tests.SessionTests.Events_are_published_to_bus_on_commit() in C:\Source\_Projects\NextTask\Cqrs.Tests\SessionTests.cs:line 58
</StackTrace>
        </ErrorInfo>
      </Output>
    </UnitTestResult>
    <UnitTestResult executionId="2e9dc01a-90a1-41f4-bf8c-36843710f36a" testId="9f841c14-b4e3-1a79-ed1b-02034833dca1" testName="Can_load_aggregate_from_xml" computerName="FKVAIO" duration="00:00:00.7930289" startTime="2010-09-07T12:35:00.8815171+02:00" endTime="2010-09-07T12:35:01.6755625+02:00" testType="13cdc9d9-ddb5-4fa4-a97d-d965ccfc6d4b" outcome="Failed" testListId="8c84fa94-04c1-424b-9868-57a2d4851a1d" relativeResultsDirectory="2e9dc01a-90a1-41f4-bf8c-36843710f36a">
      <Output>
        <ErrorInfo>
          <Message>Test method Cqrs.Tests.XmlEventStorageTests.Can_load_aggregate_from_xml threw exception: 
System.Reflection.TargetInvocationException: Exception has been thrown by the target of an invocation. ---&gt; Cqrs.UnknownDomainEventException: Aggregate root has no known handler for Cqrs.Tests.SomeDomainEvent</Message>
          <StackTrace>    at Cqrs.AggregateRoot.HandleEvent[TEvent](TEvent event) in C:\Source\_Projects\NextTask\Cqrs\AggregateRoot.cs:line 49
   at Cqrs.AggregateRoot.Apply[TEvent](TEvent event, Boolean isNew) in C:\Source\_Projects\NextTask\Cqrs\AggregateRoot.cs:line 38
   at Cqrs.AggregateRoot..ctor(IEnumerable`1 events) in C:\Source\_Projects\NextTask\Cqrs\AggregateRoot.cs:line 22
   at Cqrs.Tests.SomeDomainEntityWithEvents..ctor(IEnumerable`1 events) in C:\Source\_Projects\NextTask\Cqrs.Tests\TestClasses\SomeDomainEntityWithEvents.cs:line 9
 --- End of inner exception stack trace ---
    at System.RuntimeMethodHandle._InvokeConstructor(IRuntimeMethodInfo method, Object[] args, SignatureStruct&amp; signature, RuntimeType declaringType)
   at System.RuntimeMethodHandle.InvokeConstructor(IRuntimeMethodInfo method, Object[] args, SignatureStruct signature, RuntimeType declaringType)
   at System.Reflection.RuntimeConstructorInfo.Invoke(BindingFlags invokeAttr, Binder binder, Object[] parameters, CultureInfo culture)
   at System.RuntimeType.CreateInstanceImpl(BindingFlags bindingAttr, Binder binder, Object[] args, CultureInfo culture, Object[] activationAttributes)
   at System.Activator.CreateInstance(Type type, BindingFlags bindingAttr, Binder binder, Object[] args, CultureInfo culture, Object[] activationAttributes)
   at System.Activator.CreateInstance(Type type, Object[] args)
   at Cqrs.XmlEventStorage.Load[TAggregate](Guid aId) in C:\Source\_Projects\NextTask\Cqrs\XmlEventStorage.cs:line 32
   at Cqrs.Tests.XmlEventStorageTests.Can_load_aggregate_from_xml() in C:\Source\_Projects\NextTask\Cqrs.Tests\XmlEventStorageTests.cs:line 17
</StackTrace>
        </ErrorInfo>
      </Output>
    </UnitTestResult>
    <UnitTestResult executionId="904440ae-9566-40e0-ab4b-6d6a708d96c5" testId="a18e2191-d0ae-0d31-3c62-8dc6f968ed18" testName="can_write_aggregate_to_xml" computerName="FKVAIO" duration="00:00:00.0015624" startTime="2010-09-07T12:35:01.6825629+02:00" endTime="2010-09-07T12:35:01.6845630+02:00" testType="13cdc9d9-ddb5-4fa4-a97d-d965ccfc6d4b" outcome="Failed" testListId="8c84fa94-04c1-424b-9868-57a2d4851a1d" relativeResultsDirectory="904440ae-9566-40e0-ab4b-6d6a708d96c5">
      <Output>
        <ErrorInfo>
          <Message>Test method Cqrs.Tests.XmlEventStorageTests.can_write_aggregate_to_xml threw exception: 
Cqrs.UnknownDomainEventException: Aggregate root has no known handler for Cqrs.Tests.SomeDomainEvent</Message>
          <StackTrace>    at Cqrs.AggregateRoot.HandleEvent[TEvent](TEvent event) in C:\Source\_Projects\NextTask\Cqrs\AggregateRoot.cs:line 49
   at Cqrs.AggregateRoot.Apply[TEvent](TEvent event, Boolean isNew) in C:\Source\_Projects\NextTask\Cqrs\AggregateRoot.cs:line 38
   at Cqrs.AggregateRoot.Apply[TEvent](TEvent event) in C:\Source\_Projects\NextTask\Cqrs\AggregateRoot.cs:line 33
   at Cqrs.Tests.SomeDomainEntityWithEvents.Apply(IDomainEvent ev) in C:\Source\_Projects\NextTask\Cqrs.Tests\TestClasses\SomeDomainEntityWithEvents.cs:line 15
   at Cqrs.Tests.XmlEventStorageTests.can_write_aggregate_to_xml() in C:\Source\_Projects\NextTask\Cqrs.Tests\XmlEventStorageTests.cs:line 30
</StackTrace>
        </ErrorInfo>
      </Output>
    </UnitTestResult>
  </Results>
</TestRun>