<?xml version="1.0" encoding="UTF-8"?>
<TestRun id="1d1e811a-348c-43fd-b4c2-1da146a2b069" name="Fredrik@FKVAIO 2010-09-06 09:54:33" runUser="FKVaio\Fredrik" xmlns="http://microsoft.com/schemas/VisualStudio/TeamTest/2010">
  <TestSettings name="Local" id="5b82bb5d-938d-47a6-8c5b-afaf40dc0149">
    <Description>These are default test settings for a local test run.</Description>
    <Deployment enabled="false" runDeploymentRoot="Fredrik_FKVAIO 2010-09-06 09_54_33" />
    <Execution>
      <TestTypeSpecific />
      <AgentRule name="Execution Agents">
      </AgentRule>
    </Execution>
  </TestSettings>
  <Times creation="2010-09-06T09:54:33.4854504+02:00" queuing="2010-09-06T09:54:33.7964682+02:00" start="2010-09-06T09:54:34.0424823+02:00" finish="2010-09-06T09:54:34.8765300+02:00" />
  <ResultSummary outcome="Failed">
    <Counters total="1" executed="1" error="0" failed="1" timeout="0" aborted="0" inconclusive="0" passedButRunAborted="0" notRunnable="0" notExecuted="0" disconnected="0" warning="0" passed="0" completed="0" inProgress="0" pending="0" />
  </ResultSummary>
  <TestDefinitions>
    <UnitTest name="Can_load_aggregate_from_xml" storage="c:\source\_projects\nexttask\cqrs.tests\bin\debug\cqrs.tests.dll" id="9f841c14-b4e3-1a79-ed1b-02034833dca1">
      <Execution timeOut="1800000" id="560d20ce-3c68-4aa2-9c2a-7e7d7a0c9fad" />
      <TestMethod codeBase="C:/Source/_Projects/NextTask/Cqrs.Tests/bin/Debug/Cqrs.Tests.DLL" adapterTypeName="Microsoft.VisualStudio.TestTools.TestTypes.Unit.UnitTestAdapter, Microsoft.VisualStudio.QualityTools.Tips.UnitTest.Adapter, Version=10.0.0.0, Culture=neutral, PublicKeyToken=b03f5f7f11d50a3a" className="Cqrs.Tests.XmlEventStorageTests, Cqrs.Tests, Version=1.0.0.0, Culture=neutral, PublicKeyToken=null" name="Can_load_aggregate_from_xml" />
    </UnitTest>
  </TestDefinitions>
  <TestLists>
    <TestList name="Results Not in a List" id="8c84fa94-04c1-424b-9868-57a2d4851a1d" />
    <TestList name="All Loaded Results" id="19431567-8539-422a-85d7-44ee4e166bda" />
  </TestLists>
  <TestEntries>
    <TestEntry testId="9f841c14-b4e3-1a79-ed1b-02034833dca1" executionId="560d20ce-3c68-4aa2-9c2a-7e7d7a0c9fad" testListId="8c84fa94-04c1-424b-9868-57a2d4851a1d" />
  </TestEntries>
  <Results>
    <UnitTestResult executionId="560d20ce-3c68-4aa2-9c2a-7e7d7a0c9fad" testId="9f841c14-b4e3-1a79-ed1b-02034833dca1" testName="Can_load_aggregate_from_xml" computerName="FKVAIO" duration="00:00:00.6111065" startTime="2010-09-06T09:54:34.0994855+02:00" endTime="2010-09-06T09:54:34.7875249+02:00" testType="13cdc9d9-ddb5-4fa4-a97d-d965ccfc6d4b" outcome="Failed" testListId="8c84fa94-04c1-424b-9868-57a2d4851a1d" relativeResultsDirectory="560d20ce-3c68-4aa2-9c2a-7e7d7a0c9fad">
      <Output>
        <ErrorInfo>
          <Message>Test method Cqrs.Tests.XmlEventStorageTests.Can_load_aggregate_from_xml threw exception: 
System.ArgumentException: Stream was not readable.</Message>
          <StackTrace>    at System.IO.StreamReader..ctor(Stream stream, Encoding encoding, Boolean detectEncodingFromByteOrderMarks, Int32 bufferSize)
   at System.IO.StreamReader..ctor(Stream stream)
   at Cqrs.Tests.XmlEventStorageTests.GetReader(Guid aId) in C:\Source\_Projects\NextTask\Cqrs.Tests\XmlEventStorageTests.cs:line 37
   at Cqrs.XmlEventStorage.Load[TAggregate](Guid aId) in C:\Source\_Projects\NextTask\Cqrs\XmlEventStorage.cs:line 21
   at Cqrs.Tests.XmlEventStorageTests.Can_load_aggregate_from_xml() in C:\Source\_Projects\NextTask\Cqrs.Tests\XmlEventStorageTests.cs:line 19
</StackTrace>
        </ErrorInfo>
      </Output>
    </UnitTestResult>
  </Results>
</TestRun>