<?xml version="1.0" encoding="UTF-8"?>
<TestRun id="7894c1df-fcde-4b93-b028-3f54874c29b2" name="Fredrik@FKVAIO 2010-09-05 15:41:40" runUser="FKVaio\Fredrik" xmlns="http://microsoft.com/schemas/VisualStudio/TeamTest/2010">
  <TestSettings name="Local" id="5b82bb5d-938d-47a6-8c5b-afaf40dc0149">
    <Description>These are default test settings for a local test run.</Description>
    <Deployment enabled="false" runDeploymentRoot="Fredrik_FKVAIO 2010-09-05 15_41_40" />
    <Execution>
      <TestTypeSpecific />
      <AgentRule name="Execution Agents">
      </AgentRule>
    </Execution>
  </TestSettings>
  <Times creation="2010-09-05T15:41:40.1813696+02:00" queuing="2010-09-05T15:41:40.4783866+02:00" start="2010-09-05T15:41:40.7564025+02:00" finish="2010-09-05T15:41:41.0394187+02:00" />
  <ResultSummary outcome="Completed">
    <Counters total="1" executed="1" passed="1" error="0" failed="0" timeout="0" aborted="0" inconclusive="0" passedButRunAborted="0" notRunnable="0" notExecuted="0" disconnected="0" warning="0" completed="0" inProgress="0" pending="0" />
  </ResultSummary>
  <TestDefinitions>
    <UnitTest name="Can_apply_domain_events_to_entity" storage="c:\source\_projects\nexttask\cqrs.tests\bin\debug\cqrs.tests.dll" id="ac6346eb-e186-12aa-0752-61c108f683b2">
      <Execution timeOut="1800000" id="29c045f5-fbe0-4084-9951-fa2054731aed" />
      <TestMethod codeBase="C:/Source/_Projects/NextTask/Cqrs.Tests/bin/Debug/Cqrs.Tests.DLL" adapterTypeName="Microsoft.VisualStudio.TestTools.TestTypes.Unit.UnitTestAdapter, Microsoft.VisualStudio.QualityTools.Tips.UnitTest.Adapter, Version=10.0.0.0, Culture=neutral, PublicKeyToken=b03f5f7f11d50a3a" className="Cqrs.Tests.ApplyingEventsToAggregteRoot, Cqrs.Tests, Version=1.0.0.0, Culture=neutral, PublicKeyToken=null" name="Can_apply_domain_events_to_entity" />
    </UnitTest>
  </TestDefinitions>
  <TestLists>
    <TestList name="Results Not in a List" id="8c84fa94-04c1-424b-9868-57a2d4851a1d" />
    <TestList name="All Loaded Results" id="19431567-8539-422a-85d7-44ee4e166bda" />
  </TestLists>
  <TestEntries>
    <TestEntry testId="ac6346eb-e186-12aa-0752-61c108f683b2" executionId="29c045f5-fbe0-4084-9951-fa2054731aed" testListId="8c84fa94-04c1-424b-9868-57a2d4851a1d" />
  </TestEntries>
  <Results>
    <UnitTestResult executionId="29c045f5-fbe0-4084-9951-fa2054731aed" testId="ac6346eb-e186-12aa-0752-61c108f683b2" testName="Can_apply_domain_events_to_entity" computerName="FKVAIO" duration="00:00:00.0293851" startTime="2010-09-05T15:41:40.8104056+02:00" endTime="2010-09-05T15:41:40.9254122+02:00" testType="13cdc9d9-ddb5-4fa4-a97d-d965ccfc6d4b" outcome="Passed" testListId="8c84fa94-04c1-424b-9868-57a2d4851a1d" relativeResultsDirectory="29c045f5-fbe0-4084-9951-fa2054731aed">
    </UnitTestResult>
  </Results>
</TestRun>