<?xml version="1.0" encoding="UTF-8"?>
<TestRun id="5e13e3b1-a632-4b79-b3df-cde637c50972" name="Fredrik@FKVAIO 2010-09-13 14:00:01" runUser="FKVaio\Fredrik" xmlns="http://microsoft.com/schemas/VisualStudio/TeamTest/2010">
  <TestSettings name="Local" id="5b82bb5d-938d-47a6-8c5b-afaf40dc0149">
    <Description>These are default test settings for a local test run.</Description>
    <Deployment enabled="false" runDeploymentRoot="Fredrik_FKVAIO 2010-09-13 14_00_01" />
    <Execution>
      <TestTypeSpecific />
      <AgentRule name="Execution Agents">
      </AgentRule>
    </Execution>
  </TestSettings>
  <Times creation="2010-09-13T14:00:01.6948225+02:00" queuing="2010-09-13T14:00:02.0078404+02:00" start="2010-09-13T14:00:02.2728555+02:00" finish="2010-09-13T14:00:04.9230071+02:00" />
  <ResultSummary outcome="Completed">
    <Counters total="17" executed="17" passed="17" error="0" failed="0" timeout="0" aborted="0" inconclusive="0" passedButRunAborted="0" notRunnable="0" notExecuted="0" disconnected="0" warning="0" completed="0" inProgress="0" pending="0" />
  </ResultSummary>
  <TestDefinitions>
    <UnitTest name="Multiple_handlers_invoked_when_publishing_event" storage="c:\source\_projects\nexttask\cqrs.tests\bin\debug\cqrs.tests.dll" id="90ee55b2-3f16-256a-2054-184e011d2701">
      <Execution timeOut="1800000" id="fb435b08-820e-4d52-9009-5a07ffcadc7a" />
      <TestMethod codeBase="C:/Source/_Projects/NextTask/Cqrs.Tests/bin/Debug/Cqrs.Tests.DLL" adapterTypeName="Microsoft.VisualStudio.TestTools.TestTypes.Unit.UnitTestAdapter, Microsoft.VisualStudio.QualityTools.Tips.UnitTest.Adapter, Version=10.0.0.0, Culture=neutral, PublicKeyToken=b03f5f7f11d50a3a" className="Cqrs.Tests.DefaultBusTests, Cqrs.Tests, Version=1.0.0.0, Culture=neutral, PublicKeyToken=null" name="Multiple_handlers_invoked_when_publishing_event" />
    </UnitTest>
    <UnitTest name="Can_get_tracked_aggregate" storage="c:\source\_projects\nexttask\cqrs.tests\bin\debug\cqrs.tests.dll" id="b64469f4-f509-bc16-7473-6d9c41518282">
      <Execution timeOut="1800000" id="0ac63c8d-745a-49ef-99ad-42fd60a20534" />
      <TestMethod codeBase="C:/Source/_Projects/NextTask/Cqrs.Tests/bin/Debug/Cqrs.Tests.DLL" adapterTypeName="Microsoft.VisualStudio.TestTools.TestTypes.Unit.UnitTestAdapter, Microsoft.VisualStudio.QualityTools.Tips.UnitTest.Adapter, Version=10.0.0.0, Culture=neutral, PublicKeyToken=b03f5f7f11d50a3a" className="Cqrs.Tests.SessionTests, Cqrs.Tests, Version=1.0.0.0, Culture=neutral, PublicKeyToken=null" name="Can_get_tracked_aggregate" />
    </UnitTest>
    <UnitTest name="Events_are_published_to_bus_on_commit" storage="c:\source\_projects\nexttask\cqrs.tests\bin\debug\cqrs.tests.dll" id="9e277b9e-7103-bb68-12d9-9d382a8e63eb">
      <Execution timeOut="1800000" id="36e94be2-183b-4e9e-bef6-dac373a517d8" />
      <TestMethod codeBase="C:/Source/_Projects/NextTask/Cqrs.Tests/bin/Debug/Cqrs.Tests.DLL" adapterTypeName="Microsoft.VisualStudio.TestTools.TestTypes.Unit.UnitTestAdapter, Microsoft.VisualStudio.QualityTools.Tips.UnitTest.Adapter, Version=10.0.0.0, Culture=neutral, PublicKeyToken=b03f5f7f11d50a3a" className="Cqrs.Tests.SessionTests, Cqrs.Tests, Version=1.0.0.0, Culture=neutral, PublicKeyToken=null" name="Events_are_published_to_bus_on_commit" />
    </UnitTest>
    <UnitTest name="Handler_invoked_when_publishing_event" storage="c:\source\_projects\nexttask\cqrs.tests\bin\debug\cqrs.tests.dll" id="2d2c1847-b97e-3e8a-d46b-e13544e7a3e2">
      <Execution timeOut="1800000" id="78eeefc4-d19a-4a84-8c01-3ccb2dfd3be8" />
      <TestMethod codeBase="C:/Source/_Projects/NextTask/Cqrs.Tests/bin/Debug/Cqrs.Tests.DLL" adapterTypeName="Microsoft.VisualStudio.TestTools.TestTypes.Unit.UnitTestAdapter, Microsoft.VisualStudio.QualityTools.Tips.UnitTest.Adapter, Version=10.0.0.0, Culture=neutral, PublicKeyToken=b03f5f7f11d50a3a" className="Cqrs.Tests.DefaultBusTests, Cqrs.Tests, Version=1.0.0.0, Culture=neutral, PublicKeyToken=null" name="Handler_invoked_when_publishing_event" />
    </UnitTest>
    <UnitTest name="Can_track_aggregate" storage="c:\source\_projects\nexttask\cqrs.tests\bin\debug\cqrs.tests.dll" id="740d589c-dfdf-2f7c-9011-4ce23e7c829f">
      <Execution timeOut="1800000" id="cf86d1cc-911f-4178-9b56-1a5123df539b" />
      <TestMethod codeBase="C:/Source/_Projects/NextTask/Cqrs.Tests/bin/Debug/Cqrs.Tests.DLL" adapterTypeName="Microsoft.VisualStudio.TestTools.TestTypes.Unit.UnitTestAdapter, Microsoft.VisualStudio.QualityTools.Tips.UnitTest.Adapter, Version=10.0.0.0, Culture=neutral, PublicKeyToken=b03f5f7f11d50a3a" className="Cqrs.Tests.SessionTests, Cqrs.Tests, Version=1.0.0.0, Culture=neutral, PublicKeyToken=null" name="Can_track_aggregate" />
    </UnitTest>
    <UnitTest name="Can_apply_domain_events_to_entity" storage="c:\source\_projects\nexttask\cqrs.tests\bin\debug\cqrs.tests.dll" id="2fd786c2-9055-0b42-09cb-ae9b92184a5a">
      <Execution timeOut="1800000" id="28b521e1-3652-4584-8f96-b28d79666e83" />
      <TestMethod codeBase="C:/Source/_Projects/NextTask/Cqrs.Tests/bin/Debug/Cqrs.Tests.DLL" adapterTypeName="Microsoft.VisualStudio.TestTools.TestTypes.Unit.UnitTestAdapter, Microsoft.VisualStudio.QualityTools.Tips.UnitTest.Adapter, Version=10.0.0.0, Culture=neutral, PublicKeyToken=b03f5f7f11d50a3a" className="Cqrs.Tests.AggregateRootTests, Cqrs.Tests, Version=1.0.0.0, Culture=neutral, PublicKeyToken=null" name="Can_apply_domain_events_to_entity" />
    </UnitTest>
    <UnitTest name="Can_create_domain_entity" storage="c:\source\_projects\nexttask\cqrs.tests\bin\debug\cqrs.tests.dll" id="7efd8765-fae8-a608-14aa-de5d9f60cb29">
      <Execution timeOut="1800000" id="42830639-deaf-4124-bd66-488704a7cec7" />
      <TestMethod codeBase="C:/Source/_Projects/NextTask/Cqrs.Tests/bin/Debug/Cqrs.Tests.DLL" adapterTypeName="Microsoft.VisualStudio.TestTools.TestTypes.Unit.UnitTestAdapter, Microsoft.VisualStudio.QualityTools.Tips.UnitTest.Adapter, Version=10.0.0.0, Culture=neutral, PublicKeyToken=b03f5f7f11d50a3a" className="Cqrs.Tests.AggregateRootTests, Cqrs.Tests, Version=1.0.0.0, Culture=neutral, PublicKeyToken=null" name="Can_create_domain_entity" />
    </UnitTest>
    <UnitTest name="Throws_exception_when_applying_unknown_event_on_aggregate_root" storage="c:\source\_projects\nexttask\cqrs.tests\bin\debug\cqrs.tests.dll" id="1461b895-bbc7-b431-c049-57c59f39bac6">
      <Execution timeOut="1800000" id="4ec9961a-f9df-4cac-a3dc-ed3d921c62b1" />
      <TestMethod codeBase="C:/Source/_Projects/NextTask/Cqrs.Tests/bin/Debug/Cqrs.Tests.DLL" adapterTypeName="Microsoft.VisualStudio.TestTools.TestTypes.Unit.UnitTestAdapter, Microsoft.VisualStudio.QualityTools.Tips.UnitTest.Adapter, Version=10.0.0.0, Culture=neutral, PublicKeyToken=b03f5f7f11d50a3a" className="Cqrs.Tests.AggregateRootTests, Cqrs.Tests, Version=1.0.0.0, Culture=neutral, PublicKeyToken=null" name="Throws_exception_when_applying_unknown_event_on_aggregate_root" />
    </UnitTest>
    <UnitTest name="Event_handler_invoked_when_applying_domain_event_to_aggregate_root" storage="c:\source\_projects\nexttask\cqrs.tests\bin\debug\cqrs.tests.dll" id="a2d9bbf9-183f-d3ea-3fd1-830a4c6fd701">
      <Execution timeOut="1800000" id="cbeef847-c901-42a6-a65e-1807e8ec7902" />
      <TestMethod codeBase="C:/Source/_Projects/NextTask/Cqrs.Tests/bin/Debug/Cqrs.Tests.DLL" adapterTypeName="Microsoft.VisualStudio.TestTools.TestTypes.Unit.UnitTestAdapter, Microsoft.VisualStudio.QualityTools.Tips.UnitTest.Adapter, Version=10.0.0.0, Culture=neutral, PublicKeyToken=b03f5f7f11d50a3a" className="Cqrs.Tests.AggregateRootTests, Cqrs.Tests, Version=1.0.0.0, Culture=neutral, PublicKeyToken=null" name="Event_handler_invoked_when_applying_domain_event_to_aggregate_root" />
    </UnitTest>
    <UnitTest name="Can_commit_changes" storage="c:\source\_projects\nexttask\cqrs.tests\bin\debug\cqrs.tests.dll" id="651b38e4-0906-957e-a142-55f881b173d3">
      <Execution timeOut="1800000" id="2d04794b-04dd-485e-a112-6d86a5dedb3c" />
      <TestMethod codeBase="C:/Source/_Projects/NextTask/Cqrs.Tests/bin/Debug/Cqrs.Tests.DLL" adapterTypeName="Microsoft.VisualStudio.TestTools.TestTypes.Unit.UnitTestAdapter, Microsoft.VisualStudio.QualityTools.Tips.UnitTest.Adapter, Version=10.0.0.0, Culture=neutral, PublicKeyToken=b03f5f7f11d50a3a" className="Cqrs.Tests.SessionTests, Cqrs.Tests, Version=1.0.0.0, Culture=neutral, PublicKeyToken=null" name="Can_commit_changes" />
    </UnitTest>
    <UnitTest name="can_write_aggregate_to_xml" storage="c:\source\_projects\nexttask\cqrs.tests\bin\debug\cqrs.tests.dll" id="a18e2191-d0ae-0d31-3c62-8dc6f968ed18">
      <Execution timeOut="1800000" id="7b6602fe-65cf-45e6-bb40-a810da4f2385" />
      <TestMethod codeBase="C:/Source/_Projects/NextTask/Cqrs.Tests/bin/Debug/Cqrs.Tests.DLL" adapterTypeName="Microsoft.VisualStudio.TestTools.TestTypes.Unit.UnitTestAdapter, Microsoft.VisualStudio.QualityTools.Tips.UnitTest.Adapter, Version=10.0.0.0, Culture=neutral, PublicKeyToken=b03f5f7f11d50a3a" className="Cqrs.Tests.XmlEventStorageTests, Cqrs.Tests, Version=1.0.0.0, Culture=neutral, PublicKeyToken=null" name="can_write_aggregate_to_xml" />
    </UnitTest>
    <UnitTest name="Can_publish_event_when_no_handlers_registered" storage="c:\source\_projects\nexttask\cqrs.tests\bin\debug\cqrs.tests.dll" id="5fee3a36-6c00-f10e-1a22-809f0868a73a">
      <Execution timeOut="1800000" id="bd554a60-d889-485d-9053-c176a591a6c6" />
      <TestMethod codeBase="C:/Source/_Projects/NextTask/Cqrs.Tests/bin/Debug/Cqrs.Tests.DLL" adapterTypeName="Microsoft.VisualStudio.TestTools.TestTypes.Unit.UnitTestAdapter, Microsoft.VisualStudio.QualityTools.Tips.UnitTest.Adapter, Version=10.0.0.0, Culture=neutral, PublicKeyToken=b03f5f7f11d50a3a" className="Cqrs.Tests.DefaultBusTests, Cqrs.Tests, Version=1.0.0.0, Culture=neutral, PublicKeyToken=null" name="Can_publish_event_when_no_handlers_registered" />
    </UnitTest>
    <UnitTest name="Can_publish_multiple_events_when_no_handlers_registered" storage="c:\source\_projects\nexttask\cqrs.tests\bin\debug\cqrs.tests.dll" id="bee24c8e-1f8b-e71b-e4a7-ee4a81c21e2a">
      <Execution timeOut="1800000" id="3b6605c8-d5f9-4a50-bf0e-4aa6b447f730" />
      <TestMethod codeBase="C:/Source/_Projects/NextTask/Cqrs.Tests/bin/Debug/Cqrs.Tests.DLL" adapterTypeName="Microsoft.VisualStudio.TestTools.TestTypes.Unit.UnitTestAdapter, Microsoft.VisualStudio.QualityTools.Tips.UnitTest.Adapter, Version=10.0.0.0, Culture=neutral, PublicKeyToken=b03f5f7f11d50a3a" className="Cqrs.Tests.DefaultBusTests, Cqrs.Tests, Version=1.0.0.0, Culture=neutral, PublicKeyToken=null" name="Can_publish_multiple_events_when_no_handlers_registered" />
    </UnitTest>
    <UnitTest name="Can_load_aggregate_from_xml" storage="c:\source\_projects\nexttask\cqrs.tests\bin\debug\cqrs.tests.dll" id="9f841c14-b4e3-1a79-ed1b-02034833dca1">
      <Execution timeOut="1800000" id="f58addae-64b5-4e22-8c5a-6a1bd8f5cbdd" />
      <TestMethod codeBase="C:/Source/_Projects/NextTask/Cqrs.Tests/bin/Debug/Cqrs.Tests.DLL" adapterTypeName="Microsoft.VisualStudio.TestTools.TestTypes.Unit.UnitTestAdapter, Microsoft.VisualStudio.QualityTools.Tips.UnitTest.Adapter, Version=10.0.0.0, Culture=neutral, PublicKeyToken=b03f5f7f11d50a3a" className="Cqrs.Tests.XmlEventStorageTests, Cqrs.Tests, Version=1.0.0.0, Culture=neutral, PublicKeyToken=null" name="Can_load_aggregate_from_xml" />
    </UnitTest>
    <UnitTest name="Loads_aggregate_From_eventstore_if_not_tracked" storage="c:\source\_projects\nexttask\cqrs.tests\bin\debug\cqrs.tests.dll" id="2b601dc8-b359-6b2c-9510-f5d3a6f41f6e">
      <Execution timeOut="1800000" id="25151a3c-530a-46d6-aca5-16dc63c2007f" />
      <TestMethod codeBase="C:/Source/_Projects/NextTask/Cqrs.Tests/bin/Debug/Cqrs.Tests.DLL" adapterTypeName="Microsoft.VisualStudio.TestTools.TestTypes.Unit.UnitTestAdapter, Microsoft.VisualStudio.QualityTools.Tips.UnitTest.Adapter, Version=10.0.0.0, Culture=neutral, PublicKeyToken=b03f5f7f11d50a3a" className="Cqrs.Tests.RepositoryTests, Cqrs.Tests, Version=1.0.0.0, Culture=neutral, PublicKeyToken=null" name="Loads_aggregate_From_eventstore_if_not_tracked" />
    </UnitTest>
    <UnitTest name="Loads_aggregate_from_session_if_tracked" storage="c:\source\_projects\nexttask\cqrs.tests\bin\debug\cqrs.tests.dll" id="87f3b8b1-c12b-7c8c-6bb1-55f3fe9ed937">
      <Execution timeOut="1800000" id="e7248d72-74b8-43d2-be9b-83db2cb40f17" />
      <TestMethod codeBase="C:/Source/_Projects/NextTask/Cqrs.Tests/bin/Debug/Cqrs.Tests.DLL" adapterTypeName="Microsoft.VisualStudio.TestTools.TestTypes.Unit.UnitTestAdapter, Microsoft.VisualStudio.QualityTools.Tips.UnitTest.Adapter, Version=10.0.0.0, Culture=neutral, PublicKeyToken=b03f5f7f11d50a3a" className="Cqrs.Tests.RepositoryTests, Cqrs.Tests, Version=1.0.0.0, Culture=neutral, PublicKeyToken=null" name="Loads_aggregate_from_session_if_tracked" />
    </UnitTest>
    <UnitTest name="Other_handlers_not_invoked_when_publishing_event" storage="c:\source\_projects\nexttask\cqrs.tests\bin\debug\cqrs.tests.dll" id="78485a14-1814-da26-c4f8-10bda52aea57">
      <Execution timeOut="1800000" id="ff8534b1-b723-4a2c-ba51-744a912d50e2" />
      <TestMethod codeBase="C:/Source/_Projects/NextTask/Cqrs.Tests/bin/Debug/Cqrs.Tests.DLL" adapterTypeName="Microsoft.VisualStudio.TestTools.TestTypes.Unit.UnitTestAdapter, Microsoft.VisualStudio.QualityTools.Tips.UnitTest.Adapter, Version=10.0.0.0, Culture=neutral, PublicKeyToken=b03f5f7f11d50a3a" className="Cqrs.Tests.DefaultBusTests, Cqrs.Tests, Version=1.0.0.0, Culture=neutral, PublicKeyToken=null" name="Other_handlers_not_invoked_when_publishing_event" />
    </UnitTest>
  </TestDefinitions>
  <TestLists>
    <TestList name="Results Not in a List" id="8c84fa94-04c1-424b-9868-57a2d4851a1d" />
    <TestList name="All Loaded Results" id="19431567-8539-422a-85d7-44ee4e166bda" />
  </TestLists>
  <TestEntries>
    <TestEntry testId="2fd786c2-9055-0b42-09cb-ae9b92184a5a" executionId="28b521e1-3652-4584-8f96-b28d79666e83" testListId="8c84fa94-04c1-424b-9868-57a2d4851a1d" />
    <TestEntry testId="7efd8765-fae8-a608-14aa-de5d9f60cb29" executionId="42830639-deaf-4124-bd66-488704a7cec7" testListId="8c84fa94-04c1-424b-9868-57a2d4851a1d" />
    <TestEntry testId="a2d9bbf9-183f-d3ea-3fd1-830a4c6fd701" executionId="cbeef847-c901-42a6-a65e-1807e8ec7902" testListId="8c84fa94-04c1-424b-9868-57a2d4851a1d" />
    <TestEntry testId="1461b895-bbc7-b431-c049-57c59f39bac6" executionId="4ec9961a-f9df-4cac-a3dc-ed3d921c62b1" testListId="8c84fa94-04c1-424b-9868-57a2d4851a1d" />
    <TestEntry testId="5fee3a36-6c00-f10e-1a22-809f0868a73a" executionId="bd554a60-d889-485d-9053-c176a591a6c6" testListId="8c84fa94-04c1-424b-9868-57a2d4851a1d" />
    <TestEntry testId="bee24c8e-1f8b-e71b-e4a7-ee4a81c21e2a" executionId="3b6605c8-d5f9-4a50-bf0e-4aa6b447f730" testListId="8c84fa94-04c1-424b-9868-57a2d4851a1d" />
    <TestEntry testId="2d2c1847-b97e-3e8a-d46b-e13544e7a3e2" executionId="78eeefc4-d19a-4a84-8c01-3ccb2dfd3be8" testListId="8c84fa94-04c1-424b-9868-57a2d4851a1d" />
    <TestEntry testId="90ee55b2-3f16-256a-2054-184e011d2701" executionId="fb435b08-820e-4d52-9009-5a07ffcadc7a" testListId="8c84fa94-04c1-424b-9868-57a2d4851a1d" />
    <TestEntry testId="78485a14-1814-da26-c4f8-10bda52aea57" executionId="ff8534b1-b723-4a2c-ba51-744a912d50e2" testListId="8c84fa94-04c1-424b-9868-57a2d4851a1d" />
    <TestEntry testId="2b601dc8-b359-6b2c-9510-f5d3a6f41f6e" executionId="25151a3c-530a-46d6-aca5-16dc63c2007f" testListId="8c84fa94-04c1-424b-9868-57a2d4851a1d" />
    <TestEntry testId="87f3b8b1-c12b-7c8c-6bb1-55f3fe9ed937" executionId="e7248d72-74b8-43d2-be9b-83db2cb40f17" testListId="8c84fa94-04c1-424b-9868-57a2d4851a1d" />
    <TestEntry testId="651b38e4-0906-957e-a142-55f881b173d3" executionId="2d04794b-04dd-485e-a112-6d86a5dedb3c" testListId="8c84fa94-04c1-424b-9868-57a2d4851a1d" />
    <TestEntry testId="b64469f4-f509-bc16-7473-6d9c41518282" executionId="0ac63c8d-745a-49ef-99ad-42fd60a20534" testListId="8c84fa94-04c1-424b-9868-57a2d4851a1d" />
    <TestEntry testId="740d589c-dfdf-2f7c-9011-4ce23e7c829f" executionId="cf86d1cc-911f-4178-9b56-1a5123df539b" testListId="8c84fa94-04c1-424b-9868-57a2d4851a1d" />
    <TestEntry testId="9e277b9e-7103-bb68-12d9-9d382a8e63eb" executionId="36e94be2-183b-4e9e-bef6-dac373a517d8" testListId="8c84fa94-04c1-424b-9868-57a2d4851a1d" />
    <TestEntry testId="9f841c14-b4e3-1a79-ed1b-02034833dca1" executionId="f58addae-64b5-4e22-8c5a-6a1bd8f5cbdd" testListId="8c84fa94-04c1-424b-9868-57a2d4851a1d" />
    <TestEntry testId="a18e2191-d0ae-0d31-3c62-8dc6f968ed18" executionId="7b6602fe-65cf-45e6-bb40-a810da4f2385" testListId="8c84fa94-04c1-424b-9868-57a2d4851a1d" />
  </TestEntries>
  <Results>
    <UnitTestResult executionId="28b521e1-3652-4584-8f96-b28d79666e83" testId="2fd786c2-9055-0b42-09cb-ae9b92184a5a" testName="Can_apply_domain_events_to_entity" computerName="FKVAIO" duration="00:00:00.0263412" startTime="2010-09-13T14:00:02.3308589+02:00" endTime="2010-09-13T14:00:02.4268644+02:00" testType="13cdc9d9-ddb5-4fa4-a97d-d965ccfc6d4b" outcome="Passed" testListId="8c84fa94-04c1-424b-9868-57a2d4851a1d" relativeResultsDirectory="28b521e1-3652-4584-8f96-b28d79666e83">
    </UnitTestResult>
    <UnitTestResult executionId="42830639-deaf-4124-bd66-488704a7cec7" testId="7efd8765-fae8-a608-14aa-de5d9f60cb29" testName="Can_create_domain_entity" computerName="FKVAIO" duration="00:00:00.0038025" startTime="2010-09-13T14:00:02.4348648+02:00" endTime="2010-09-13T14:00:02.4398651+02:00" testType="13cdc9d9-ddb5-4fa4-a97d-d965ccfc6d4b" outcome="Passed" testListId="8c84fa94-04c1-424b-9868-57a2d4851a1d" relativeResultsDirectory="42830639-deaf-4124-bd66-488704a7cec7">
    </UnitTestResult>
    <UnitTestResult executionId="cbeef847-c901-42a6-a65e-1807e8ec7902" testId="a2d9bbf9-183f-d3ea-3fd1-830a4c6fd701" testName="Event_handler_invoked_when_applying_domain_event_to_aggregate_root" computerName="FKVAIO" duration="00:00:00.0039937" startTime="2010-09-13T14:00:02.4508657+02:00" endTime="2010-09-13T14:00:02.4558660+02:00" testType="13cdc9d9-ddb5-4fa4-a97d-d965ccfc6d4b" outcome="Passed" testListId="8c84fa94-04c1-424b-9868-57a2d4851a1d" relativeResultsDirectory="cbeef847-c901-42a6-a65e-1807e8ec7902">
    </UnitTestResult>
    <UnitTestResult executionId="4ec9961a-f9df-4cac-a3dc-ed3d921c62b1" testId="1461b895-bbc7-b431-c049-57c59f39bac6" testName="Throws_exception_when_applying_unknown_event_on_aggregate_root" computerName="FKVAIO" duration="00:00:00.0508458" startTime="2010-09-13T14:00:02.4578661+02:00" endTime="2010-09-13T14:00:02.5098691+02:00" testType="13cdc9d9-ddb5-4fa4-a97d-d965ccfc6d4b" outcome="Passed" testListId="8c84fa94-04c1-424b-9868-57a2d4851a1d" relativeResultsDirectory="4ec9961a-f9df-4cac-a3dc-ed3d921c62b1">
    </UnitTestResult>
    <UnitTestResult executionId="bd554a60-d889-485d-9053-c176a591a6c6" testId="5fee3a36-6c00-f10e-1a22-809f0868a73a" testName="Can_publish_event_when_no_handlers_registered" computerName="FKVAIO" duration="00:00:00.0018862" startTime="2010-09-13T14:00:02.5128693+02:00" endTime="2010-09-13T14:00:02.5198697+02:00" testType="13cdc9d9-ddb5-4fa4-a97d-d965ccfc6d4b" outcome="Passed" testListId="8c84fa94-04c1-424b-9868-57a2d4851a1d" relativeResultsDirectory="bd554a60-d889-485d-9053-c176a591a6c6">
    </UnitTestResult>
    <UnitTestResult executionId="3b6605c8-d5f9-4a50-bf0e-4aa6b447f730" testId="bee24c8e-1f8b-e71b-e4a7-ee4a81c21e2a" testName="Can_publish_multiple_events_when_no_handlers_registered" computerName="FKVAIO" duration="00:00:00.0026519" startTime="2010-09-13T14:00:02.5218698+02:00" endTime="2010-09-13T14:00:02.5348705+02:00" testType="13cdc9d9-ddb5-4fa4-a97d-d965ccfc6d4b" outcome="Passed" testListId="8c84fa94-04c1-424b-9868-57a2d4851a1d" relativeResultsDirectory="3b6605c8-d5f9-4a50-bf0e-4aa6b447f730">
    </UnitTestResult>
    <UnitTestResult executionId="78eeefc4-d19a-4a84-8c01-3ccb2dfd3be8" testId="2d2c1847-b97e-3e8a-d46b-e13544e7a3e2" testName="Handler_invoked_when_publishing_event" computerName="FKVAIO" duration="00:00:00.0012921" startTime="2010-09-13T14:00:02.5378707+02:00" endTime="2010-09-13T14:00:02.5438710+02:00" testType="13cdc9d9-ddb5-4fa4-a97d-d965ccfc6d4b" outcome="Passed" testListId="8c84fa94-04c1-424b-9868-57a2d4851a1d" relativeResultsDirectory="78eeefc4-d19a-4a84-8c01-3ccb2dfd3be8">
    </UnitTestResult>
    <UnitTestResult executionId="fb435b08-820e-4d52-9009-5a07ffcadc7a" testId="90ee55b2-3f16-256a-2054-184e011d2701" testName="Multiple_handlers_invoked_when_publishing_event" computerName="FKVAIO" duration="00:00:00.0006283" startTime="2010-09-13T14:00:02.5488713+02:00" endTime="2010-09-13T14:00:02.5508714+02:00" testType="13cdc9d9-ddb5-4fa4-a97d-d965ccfc6d4b" outcome="Passed" testListId="8c84fa94-04c1-424b-9868-57a2d4851a1d" relativeResultsDirectory="fb435b08-820e-4d52-9009-5a07ffcadc7a">
    </UnitTestResult>
    <UnitTestResult executionId="ff8534b1-b723-4a2c-ba51-744a912d50e2" testId="78485a14-1814-da26-c4f8-10bda52aea57" testName="Other_handlers_not_invoked_when_publishing_event" computerName="FKVAIO" duration="00:00:00.0010291" startTime="2010-09-13T14:00:02.5528716+02:00" endTime="2010-09-13T14:00:02.5548717+02:00" testType="13cdc9d9-ddb5-4fa4-a97d-d965ccfc6d4b" outcome="Passed" testListId="8c84fa94-04c1-424b-9868-57a2d4851a1d" relativeResultsDirectory="ff8534b1-b723-4a2c-ba51-744a912d50e2">
    </UnitTestResult>
    <UnitTestResult executionId="25151a3c-530a-46d6-aca5-16dc63c2007f" testId="2b601dc8-b359-6b2c-9510-f5d3a6f41f6e" testName="Loads_aggregate_From_eventstore_if_not_tracked" computerName="FKVAIO" duration="00:00:00.0031074" startTime="2010-09-13T14:00:02.5568718+02:00" endTime="2010-09-13T14:00:02.5608720+02:00" testType="13cdc9d9-ddb5-4fa4-a97d-d965ccfc6d4b" outcome="Passed" testListId="8c84fa94-04c1-424b-9868-57a2d4851a1d" relativeResultsDirectory="25151a3c-530a-46d6-aca5-16dc63c2007f">
    </UnitTestResult>
    <UnitTestResult executionId="e7248d72-74b8-43d2-be9b-83db2cb40f17" testId="87f3b8b1-c12b-7c8c-6bb1-55f3fe9ed937" testName="Loads_aggregate_from_session_if_tracked" computerName="FKVAIO" duration="00:00:00.0005513" startTime="2010-09-13T14:00:02.5628721+02:00" endTime="2010-09-13T14:00:02.5648722+02:00" testType="13cdc9d9-ddb5-4fa4-a97d-d965ccfc6d4b" outcome="Passed" testListId="8c84fa94-04c1-424b-9868-57a2d4851a1d" relativeResultsDirectory="e7248d72-74b8-43d2-be9b-83db2cb40f17">
    </UnitTestResult>
    <UnitTestResult executionId="2d04794b-04dd-485e-a112-6d86a5dedb3c" testId="651b38e4-0906-957e-a142-55f881b173d3" testName="Can_commit_changes" computerName="FKVAIO" duration="00:00:00.0041412" startTime="2010-09-13T14:00:02.5658723+02:00" endTime="2010-09-13T14:00:02.5718726+02:00" testType="13cdc9d9-ddb5-4fa4-a97d-d965ccfc6d4b" outcome="Passed" testListId="8c84fa94-04c1-424b-9868-57a2d4851a1d" relativeResultsDirectory="2d04794b-04dd-485e-a112-6d86a5dedb3c">
    </UnitTestResult>
    <UnitTestResult executionId="0ac63c8d-745a-49ef-99ad-42fd60a20534" testId="b64469f4-f509-bc16-7473-6d9c41518282" testName="Can_get_tracked_aggregate" computerName="FKVAIO" duration="00:00:00.0002818" startTime="2010-09-13T14:00:02.5728727+02:00" endTime="2010-09-13T14:00:02.5748728+02:00" testType="13cdc9d9-ddb5-4fa4-a97d-d965ccfc6d4b" outcome="Passed" testListId="8c84fa94-04c1-424b-9868-57a2d4851a1d" relativeResultsDirectory="0ac63c8d-745a-49ef-99ad-42fd60a20534">
    </UnitTestResult>
    <UnitTestResult executionId="cf86d1cc-911f-4178-9b56-1a5123df539b" testId="740d589c-dfdf-2f7c-9011-4ce23e7c829f" testName="Can_track_aggregate" computerName="FKVAIO" duration="00:00:00.0045531" startTime="2010-09-13T14:00:02.5768729+02:00" endTime="2010-09-13T14:00:02.5828733+02:00" testType="13cdc9d9-ddb5-4fa4-a97d-d965ccfc6d4b" outcome="Passed" testListId="8c84fa94-04c1-424b-9868-57a2d4851a1d" relativeResultsDirectory="cf86d1cc-911f-4178-9b56-1a5123df539b">
    </UnitTestResult>
    <UnitTestResult executionId="36e94be2-183b-4e9e-bef6-dac373a517d8" testId="9e277b9e-7103-bb68-12d9-9d382a8e63eb" testName="Events_are_published_to_bus_on_commit" computerName="FKVAIO" duration="00:00:00.0007271" startTime="2010-09-13T14:00:02.5928738+02:00" endTime="2010-09-13T14:00:02.5988742+02:00" testType="13cdc9d9-ddb5-4fa4-a97d-d965ccfc6d4b" outcome="Passed" testListId="8c84fa94-04c1-424b-9868-57a2d4851a1d" relativeResultsDirectory="36e94be2-183b-4e9e-bef6-dac373a517d8">
    </UnitTestResult>
    <UnitTestResult executionId="f58addae-64b5-4e22-8c5a-6a1bd8f5cbdd" testId="9f841c14-b4e3-1a79-ed1b-02034833dca1" testName="Can_load_aggregate_from_xml" computerName="FKVAIO" duration="00:00:02.2412241" startTime="2010-09-13T14:00:02.6018744+02:00" endTime="2010-09-13T14:00:04.8440026+02:00" testType="13cdc9d9-ddb5-4fa4-a97d-d965ccfc6d4b" outcome="Passed" testListId="8c84fa94-04c1-424b-9868-57a2d4851a1d" relativeResultsDirectory="f58addae-64b5-4e22-8c5a-6a1bd8f5cbdd">
    </UnitTestResult>
    <UnitTestResult executionId="7b6602fe-65cf-45e6-bb40-a810da4f2385" testId="a18e2191-d0ae-0d31-3c62-8dc6f968ed18" testName="can_write_aggregate_to_xml" computerName="FKVAIO" duration="00:00:00.0017117" startTime="2010-09-13T14:00:04.8470028+02:00" endTime="2010-09-13T14:00:04.8500029+02:00" testType="13cdc9d9-ddb5-4fa4-a97d-d965ccfc6d4b" outcome="Passed" testListId="8c84fa94-04c1-424b-9868-57a2d4851a1d" relativeResultsDirectory="7b6602fe-65cf-45e6-bb40-a810da4f2385">
    </UnitTestResult>
  </Results>
</TestRun>